2024-03-07 19:00:49 [INFO ] http-nio-8110-exec-14 DictServiceImpl.java:78 com.atguigu.srb.core.service.impl.DictServiceImpl 将数据存入redis
2024-03-07 19:01:17 [ERROR] http-nio-8110-exec-9 UnifiedExceptionHandler.java:57 com.atguigu.common.exception.UnifiedExceptionHandler 未登录
com.atguigu.common.exception.BusinessException: 未登录
	at com.atguigu.srb.base.util.JwtUtils.getClaims(JwtUtils.java:77)
	at com.atguigu.srb.base.util.JwtUtils.getUserId(JwtUtils.java:55)
	at com.atguigu.srb.core.controller.api.BorrowerController.getStatus(BorrowerController.java:49)
	at sun.reflect.NativeMethodAccessorImpl.invoke0(Native Method)
	at sun.reflect.NativeMethodAccessorImpl.invoke(NativeMethodAccessorImpl.java:62)
	at sun.reflect.DelegatingMethodAccessorImpl.invoke(DelegatingMethodAccessorImpl.java:43)
	at java.lang.reflect.Method.invoke(Method.java:498)
	at org.springframework.web.method.support.InvocableHandlerMethod.doInvoke(InvocableHandlerMethod.java:190)
	at org.springframework.web.method.support.InvocableHandlerMethod.invokeForRequest(InvocableHandlerMethod.java:138)
	at org.springframework.web.servlet.mvc.method.annotation.ServletInvocableHandlerMethod.invokeAndHandle(ServletInvocableHandlerMethod.java:105)
	at org.springframework.web.servlet.mvc.method.annotation.RequestMappingHandlerAdapter.invokeHandlerMethod(RequestMappingHandlerAdapter.java:878)
	at org.springframework.web.servlet.mvc.method.annotation.RequestMappingHandlerAdapter.handleInternal(RequestMappingHandlerAdapter.java:792)
	at org.springframework.web.servlet.mvc.method.AbstractHandlerMethodAdapter.handle(AbstractHandlerMethodAdapter.java:87)
	at org.springframework.web.servlet.DispatcherServlet.doDispatch(DispatcherServlet.java:1040)
	at org.springframework.web.servlet.DispatcherServlet.doService(DispatcherServlet.java:943)
	at org.springframework.web.servlet.FrameworkServlet.processRequest(FrameworkServlet.java:1006)
	at org.springframework.web.servlet.FrameworkServlet.doGet(FrameworkServlet.java:898)
	at javax.servlet.http.HttpServlet.service(HttpServlet.java:626)
	at org.springframework.web.servlet.FrameworkServlet.service(FrameworkServlet.java:883)
	at javax.servlet.http.HttpServlet.service(HttpServlet.java:733)
	at org.apache.catalina.core.ApplicationFilterChain.internalDoFilter(ApplicationFilterChain.java:231)
	at org.apache.catalina.core.ApplicationFilterChain.doFilter(ApplicationFilterChain.java:166)
	at org.apache.tomcat.websocket.server.WsFilter.doFilter(WsFilter.java:53)
	at org.apache.catalina.core.ApplicationFilterChain.internalDoFilter(ApplicationFilterChain.java:193)
	at org.apache.catalina.core.ApplicationFilterChain.doFilter(ApplicationFilterChain.java:166)
	at org.springframework.web.filter.RequestContextFilter.doFilterInternal(RequestContextFilter.java:100)
	at org.springframework.web.filter.OncePerRequestFilter.doFilter(OncePerRequestFilter.java:119)
	at org.apache.catalina.core.ApplicationFilterChain.internalDoFilter(ApplicationFilterChain.java:193)
	at org.apache.catalina.core.ApplicationFilterChain.doFilter(ApplicationFilterChain.java:166)
	at org.springframework.web.filter.FormContentFilter.doFilterInternal(FormContentFilter.java:93)
	at org.springframework.web.filter.OncePerRequestFilter.doFilter(OncePerRequestFilter.java:119)
	at org.apache.catalina.core.ApplicationFilterChain.internalDoFilter(ApplicationFilterChain.java:193)
	at org.apache.catalina.core.ApplicationFilterChain.doFilter(ApplicationFilterChain.java:166)
	at org.springframework.web.filter.CharacterEncodingFilter.doFilterInternal(CharacterEncodingFilter.java:201)
	at org.springframework.web.filter.OncePerRequestFilter.doFilter(OncePerRequestFilter.java:119)
	at org.apache.catalina.core.ApplicationFilterChain.internalDoFilter(ApplicationFilterChain.java:193)
	at org.apache.catalina.core.ApplicationFilterChain.doFilter(ApplicationFilterChain.java:166)
	at org.apache.catalina.core.StandardWrapperValve.invoke(StandardWrapperValve.java:202)
	at org.apache.catalina.core.StandardContextValve.invoke(StandardContextValve.java:97)
	at org.apache.catalina.authenticator.AuthenticatorBase.invoke(AuthenticatorBase.java:541)
	at org.apache.catalina.core.StandardHostValve.invoke(StandardHostValve.java:143)
	at org.apache.catalina.valves.ErrorReportValve.invoke(ErrorReportValve.java:92)
	at org.apache.catalina.core.StandardEngineValve.invoke(StandardEngineValve.java:78)
	at org.apache.catalina.connector.CoyoteAdapter.service(CoyoteAdapter.java:343)
	at org.apache.coyote.http11.Http11Processor.service(Http11Processor.java:374)
	at org.apache.coyote.AbstractProcessorLight.process(AbstractProcessorLight.java:65)
	at org.apache.coyote.AbstractProtocol$ConnectionHandler.process(AbstractProtocol.java:868)
	at org.apache.tomcat.util.net.NioEndpoint$SocketProcessor.doRun(NioEndpoint.java:1590)
	at org.apache.tomcat.util.net.SocketProcessorBase.run(SocketProcessorBase.java:49)
	at java.util.concurrent.ThreadPoolExecutor.runWorker(ThreadPoolExecutor.java:1149)
	at java.util.concurrent.ThreadPoolExecutor$Worker.run(ThreadPoolExecutor.java:624)
	at org.apache.tomcat.util.threads.TaskThread$WrappingRunnable.run(TaskThread.java:61)
	at java.lang.Thread.run(Thread.java:750)
2024-03-07 19:01:17 [INFO ] http-nio-8110-exec-16 DictServiceImpl.java:92 com.atguigu.srb.core.service.impl.DictServiceImpl dictDict(id=30000, parentId=1, name=学历, value=null, dictCode=education, createTime=2024-02-21T22:06:03, updateTime=2024-02-21T22:06:03, deleted=false, hasChildren=null)
2024-03-07 19:01:17 [INFO ] http-nio-8110-exec-11 DictServiceImpl.java:92 com.atguigu.srb.core.service.impl.DictServiceImpl dictDict(id=40000, parentId=1, name=收入, value=null, dictCode=income, createTime=2024-02-21T22:06:03, updateTime=2024-02-21T22:06:03, deleted=false, hasChildren=null)
2024-03-07 19:01:17 [INFO ] http-nio-8110-exec-1 DictServiceImpl.java:92 com.atguigu.srb.core.service.impl.DictServiceImpl dictDict(id=20000, parentId=1, name=行业, value=null, dictCode=industry, createTime=2024-02-21T22:06:03, updateTime=2024-02-21T22:06:03, deleted=false, hasChildren=null)
2024-03-07 19:01:17 [INFO ] http-nio-8110-exec-14 DictServiceImpl.java:92 com.atguigu.srb.core.service.impl.DictServiceImpl dictDict(id=60000, parentId=1, name=关系, value=null, dictCode=relation, createTime=2024-02-21T22:06:03, updateTime=2024-02-21T22:06:03, deleted=false, hasChildren=null)
2024-03-07 19:01:17 [INFO ] http-nio-8110-exec-12 DictServiceImpl.java:92 com.atguigu.srb.core.service.impl.DictServiceImpl dictDict(id=50000, parentId=1, name=收入来源, value=null, dictCode=returnSource, createTime=2024-02-21T22:06:03, updateTime=2024-02-21T22:06:03, deleted=false, hasChildren=null)
