2024-02-29 16:23:44 [INFO ] restartedMain StartupInfoLogger.java:61 com.atguigu.srb.oss.ServiceOSSApplication Started ServiceOSSApplication in 3.516 seconds (JVM running for 5.487)
2024-02-29 16:23:45 [INFO ] restartedMain StartupInfoLogger.java:55 com.atguigu.srb.sms.ServiceSmsApplication Starting ServiceSmsApplication on Lenovo with PID 10616 (G:\IDEA\srb\service-sms\target\classes started by Lenovo1 in G:\IDEA\srb)
2024-02-29 16:23:45 [INFO ] restartedMain SpringApplication.java:655 com.atguigu.srb.sms.ServiceSmsApplication The following profiles are active: dev
2024-02-29 16:23:47 [INFO ] restartedMain StartupInfoLogger.java:61 com.atguigu.srb.sms.ServiceSmsApplication Started ServiceSmsApplication in 2.891 seconds (JVM running for 4.928)
2024-03-01 11:24:16 [INFO ] restartedMain StartupInfoLogger.java:55 com.atguigu.srb.sms.ServiceSmsApplication Starting ServiceSmsApplication on Lenovo with PID 10616 (G:\IDEA\srb\service-sms\target\classes started by Lenovo1 in G:\IDEA\srb)
2024-03-01 11:24:16 [INFO ] restartedMain SpringApplication.java:655 com.atguigu.srb.sms.ServiceSmsApplication The following profiles are active: dev
2024-03-01 11:24:16 [INFO ] restartedMain StartupInfoLogger.java:55 com.atguigu.srb.oss.ServiceOSSApplication Starting ServiceOSSApplication on Lenovo with PID 8252 (G:\IDEA\srb\service-oss\target\classes started by Lenovo1 in G:\IDEA\srb)
2024-03-01 11:24:16 [INFO ] restartedMain SpringApplication.java:655 com.atguigu.srb.oss.ServiceOSSApplication The following profiles are active: dev
2024-03-01 11:24:17 [INFO ] restartedMain StartupInfoLogger.java:61 com.atguigu.srb.sms.ServiceSmsApplication Started ServiceSmsApplication in 0.83 seconds (JVM running for 68438.013)
2024-03-01 11:24:17 [INFO ] restartedMain StartupInfoLogger.java:61 com.atguigu.srb.oss.ServiceOSSApplication Started ServiceOSSApplication in 0.814 seconds (JVM running for 68442.285)
2024-03-01 11:24:23 [INFO ] restartedMain StartupInfoLogger.java:55 com.atguigu.srb.sms.ServiceSmsApplication Starting ServiceSmsApplication on Lenovo with PID 10616 (G:\IDEA\srb\service-sms\target\classes started by Lenovo1 in G:\IDEA\srb)
2024-03-01 11:24:23 [INFO ] restartedMain SpringApplication.java:655 com.atguigu.srb.sms.ServiceSmsApplication The following profiles are active: dev
2024-03-01 11:24:23 [INFO ] restartedMain StartupInfoLogger.java:55 com.atguigu.srb.oss.ServiceOSSApplication Starting ServiceOSSApplication on Lenovo with PID 8252 (G:\IDEA\srb\service-oss\target\classes started by Lenovo1 in G:\IDEA\srb)
2024-03-01 11:24:23 [INFO ] restartedMain SpringApplication.java:655 com.atguigu.srb.oss.ServiceOSSApplication The following profiles are active: dev
2024-03-01 11:24:24 [INFO ] restartedMain StartupInfoLogger.java:61 com.atguigu.srb.oss.ServiceOSSApplication Started ServiceOSSApplication in 1.005 seconds (JVM running for 68449.175)
2024-03-01 11:24:24 [INFO ] restartedMain StartupInfoLogger.java:61 com.atguigu.srb.sms.ServiceSmsApplication Started ServiceSmsApplication in 1.046 seconds (JVM running for 68444.987)
2024-03-01 11:26:02 [ERROR] http-nio-8120-exec-1 UnifiedExceptionHandler.java:40 com.atguigu.common.exception.UnifiedExceptionHandler Unable to connect to Redis; nested exception is org.springframework.data.redis.connection.PoolException: Could not get a resource from the pool; nested exception is io.lettuce.core.RedisConnectionException: Unable to connect to 192.168.119.134:6379
org.springframework.data.redis.RedisConnectionFailureException: Unable to connect to Redis; nested exception is org.springframework.data.redis.connection.PoolException: Could not get a resource from the pool; nested exception is io.lettuce.core.RedisConnectionException: Unable to connect to 192.168.119.134:6379
	at org.springframework.data.redis.connection.lettuce.LettuceConnectionFactory$ExceptionTranslatingConnectionProvider.translateException(LettuceConnectionFactory.java:1534)
	at org.springframework.data.redis.connection.lettuce.LettuceConnectionFactory$ExceptionTranslatingConnectionProvider.getConnection(LettuceConnectionFactory.java:1442)
	at org.springframework.data.redis.connection.lettuce.LettuceConnectionFactory$SharedConnection.getNativeConnection(LettuceConnectionFactory.java:1228)
	at org.springframework.data.redis.connection.lettuce.LettuceConnectionFactory$SharedConnection.getConnection(LettuceConnectionFactory.java:1211)
	at org.springframework.data.redis.connection.lettuce.LettuceConnectionFactory.getSharedConnection(LettuceConnectionFactory.java:975)
	at org.springframework.data.redis.connection.lettuce.LettuceConnectionFactory.getConnection(LettuceConnectionFactory.java:360)
	at org.springframework.data.redis.core.RedisConnectionUtils.doGetConnection(RedisConnectionUtils.java:134)
	at org.springframework.data.redis.core.RedisConnectionUtils.getConnection(RedisConnectionUtils.java:97)
	at org.springframework.data.redis.core.RedisConnectionUtils.getConnection(RedisConnectionUtils.java:84)
	at org.springframework.data.redis.core.RedisTemplate.execute(RedisTemplate.java:215)
	at org.springframework.data.redis.core.RedisTemplate.execute(RedisTemplate.java:188)
	at org.springframework.data.redis.core.AbstractOperations.execute(AbstractOperations.java:96)
	at org.springframework.data.redis.core.DefaultValueOperations.set(DefaultValueOperations.java:256)
	at com.atguigu.srb.sms.controller.api.ApiSmsController.send(ApiSmsController.java:52)
	at sun.reflect.NativeMethodAccessorImpl.invoke0(Native Method)
	at sun.reflect.NativeMethodAccessorImpl.invoke(NativeMethodAccessorImpl.java:62)
	at sun.reflect.DelegatingMethodAccessorImpl.invoke(DelegatingMethodAccessorImpl.java:43)
	at java.lang.reflect.Method.invoke(Method.java:498)
	at org.springframework.web.method.support.InvocableHandlerMethod.doInvoke(InvocableHandlerMethod.java:190)
	at org.springframework.web.method.support.InvocableHandlerMethod.invokeForRequest(InvocableHandlerMethod.java:138)
	at org.springframework.web.servlet.mvc.method.annotation.ServletInvocableHandlerMethod.invokeAndHandle(ServletInvocableHandlerMethod.java:105)
	at org.springframework.web.servlet.mvc.method.annotation.RequestMappingHandlerAdapter.invokeHandlerMethod(RequestMappingHandlerAdapter.java:878)
	at org.springframework.web.servlet.mvc.method.annotation.RequestMappingHandlerAdapter.handleInternal(RequestMappingHandlerAdapter.java:792)
	at org.springframework.web.servlet.mvc.method.AbstractHandlerMethodAdapter.handle(AbstractHandlerMethodAdapter.java:87)
	at org.springframework.web.servlet.DispatcherServlet.doDispatch(DispatcherServlet.java:1040)
	at org.springframework.web.servlet.DispatcherServlet.doService(DispatcherServlet.java:943)
	at org.springframework.web.servlet.FrameworkServlet.processRequest(FrameworkServlet.java:1006)
	at org.springframework.web.servlet.FrameworkServlet.doGet(FrameworkServlet.java:898)
	at javax.servlet.http.HttpServlet.service(HttpServlet.java:626)
	at org.springframework.web.servlet.FrameworkServlet.service(FrameworkServlet.java:883)
	at javax.servlet.http.HttpServlet.service(HttpServlet.java:733)
	at org.apache.catalina.core.ApplicationFilterChain.internalDoFilter(ApplicationFilterChain.java:231)
	at org.apache.catalina.core.ApplicationFilterChain.doFilter(ApplicationFilterChain.java:166)
	at org.apache.tomcat.websocket.server.WsFilter.doFilter(WsFilter.java:53)
	at org.apache.catalina.core.ApplicationFilterChain.internalDoFilter(ApplicationFilterChain.java:193)
	at org.apache.catalina.core.ApplicationFilterChain.doFilter(ApplicationFilterChain.java:166)
	at org.springframework.web.filter.RequestContextFilter.doFilterInternal(RequestContextFilter.java:100)
	at org.springframework.web.filter.OncePerRequestFilter.doFilter(OncePerRequestFilter.java:119)
	at org.apache.catalina.core.ApplicationFilterChain.internalDoFilter(ApplicationFilterChain.java:193)
	at org.apache.catalina.core.ApplicationFilterChain.doFilter(ApplicationFilterChain.java:166)
	at org.springframework.web.filter.FormContentFilter.doFilterInternal(FormContentFilter.java:93)
	at org.springframework.web.filter.OncePerRequestFilter.doFilter(OncePerRequestFilter.java:119)
	at org.apache.catalina.core.ApplicationFilterChain.internalDoFilter(ApplicationFilterChain.java:193)
	at org.apache.catalina.core.ApplicationFilterChain.doFilter(ApplicationFilterChain.java:166)
	at org.springframework.web.filter.CharacterEncodingFilter.doFilterInternal(CharacterEncodingFilter.java:201)
	at org.springframework.web.filter.OncePerRequestFilter.doFilter(OncePerRequestFilter.java:119)
	at org.apache.catalina.core.ApplicationFilterChain.internalDoFilter(ApplicationFilterChain.java:193)
	at org.apache.catalina.core.ApplicationFilterChain.doFilter(ApplicationFilterChain.java:166)
	at org.apache.catalina.core.StandardWrapperValve.invoke(StandardWrapperValve.java:202)
	at org.apache.catalina.core.StandardContextValve.invoke(StandardContextValve.java:97)
	at org.apache.catalina.authenticator.AuthenticatorBase.invoke(AuthenticatorBase.java:541)
	at org.apache.catalina.core.StandardHostValve.invoke(StandardHostValve.java:143)
	at org.apache.catalina.valves.ErrorReportValve.invoke(ErrorReportValve.java:92)
	at org.apache.catalina.core.StandardEngineValve.invoke(StandardEngineValve.java:78)
	at org.apache.catalina.connector.CoyoteAdapter.service(CoyoteAdapter.java:343)
	at org.apache.coyote.http11.Http11Processor.service(Http11Processor.java:374)
	at org.apache.coyote.AbstractProcessorLight.process(AbstractProcessorLight.java:65)
	at org.apache.coyote.AbstractProtocol$ConnectionHandler.process(AbstractProtocol.java:868)
	at org.apache.tomcat.util.net.NioEndpoint$SocketProcessor.doRun(NioEndpoint.java:1590)
	at org.apache.tomcat.util.net.SocketProcessorBase.run(SocketProcessorBase.java:49)
	at java.util.concurrent.ThreadPoolExecutor.runWorker(ThreadPoolExecutor.java:1149)
	at java.util.concurrent.ThreadPoolExecutor$Worker.run(ThreadPoolExecutor.java:624)
	at org.apache.tomcat.util.threads.TaskThread$WrappingRunnable.run(TaskThread.java:61)
	at java.lang.Thread.run(Thread.java:750)
Caused by: org.springframework.data.redis.connection.PoolException: Could not get a resource from the pool; nested exception is io.lettuce.core.RedisConnectionException: Unable to connect to 192.168.119.134:6379
	at org.springframework.data.redis.connection.lettuce.LettucePoolingConnectionProvider.getConnection(LettucePoolingConnectionProvider.java:109)
	at org.springframework.data.redis.connection.lettuce.LettuceConnectionFactory$ExceptionTranslatingConnectionProvider.getConnection(LettuceConnectionFactory.java:1440)
	... 62 common frames omitted
Caused by: io.lettuce.core.RedisConnectionException: Unable to connect to 192.168.119.134:6379
	at io.lettuce.core.RedisConnectionException.create(RedisConnectionException.java:78)
	at io.lettuce.core.RedisConnectionException.create(RedisConnectionException.java:56)
	at io.lettuce.core.AbstractRedisClient.getConnection(AbstractRedisClient.java:242)
	at io.lettuce.core.RedisClient.connect(RedisClient.java:206)
	at org.springframework.data.redis.connection.lettuce.StandaloneConnectionProvider.lambda$getConnection$1(StandaloneConnectionProvider.java:115)
	at java.util.Optional.orElseGet(Optional.java:267)
	at org.springframework.data.redis.connection.lettuce.StandaloneConnectionProvider.getConnection(StandaloneConnectionProvider.java:115)
	at org.springframework.data.redis.connection.lettuce.LettucePoolingConnectionProvider.lambda$null$0(LettucePoolingConnectionProvider.java:97)
	at io.lettuce.core.support.ConnectionPoolSupport$RedisPooledObjectFactory.create(ConnectionPoolSupport.java:211)
	at io.lettuce.core.support.ConnectionPoolSupport$RedisPooledObjectFactory.create(ConnectionPoolSupport.java:201)
	at org.apache.commons.pool2.BasePooledObjectFactory.makeObject(BasePooledObjectFactory.java:58)
	at org.apache.commons.pool2.impl.GenericObjectPool.create(GenericObjectPool.java:899)
	at org.apache.commons.pool2.impl.GenericObjectPool.borrowObject(GenericObjectPool.java:429)
	at org.apache.commons.pool2.impl.GenericObjectPool.borrowObject(GenericObjectPool.java:354)
	at io.lettuce.core.support.ConnectionPoolSupport$1.borrowObject(ConnectionPoolSupport.java:122)
	at io.lettuce.core.support.ConnectionPoolSupport$1.borrowObject(ConnectionPoolSupport.java:117)
	at org.springframework.data.redis.connection.lettuce.LettucePoolingConnectionProvider.getConnection(LettucePoolingConnectionProvider.java:103)
	... 63 common frames omitted
Caused by: io.netty.channel.ConnectTimeoutException: connection timed out: /192.168.119.134:6379
	at io.netty.channel.nio.AbstractNioChannel$AbstractNioUnsafe$1.run(AbstractNioChannel.java:261)
	at io.netty.util.concurrent.PromiseTask.runTask(PromiseTask.java:98)
	at io.netty.util.concurrent.ScheduledFutureTask.run(ScheduledFutureTask.java:170)
	at io.netty.util.concurrent.AbstractEventExecutor.safeExecute(AbstractEventExecutor.java:164)
	at io.netty.util.concurrent.SingleThreadEventExecutor.runAllTasks(SingleThreadEventExecutor.java:472)
	at io.netty.channel.nio.NioEventLoop.run(NioEventLoop.java:500)
	at io.netty.util.concurrent.SingleThreadEventExecutor$4.run(SingleThreadEventExecutor.java:989)
	at io.netty.util.internal.ThreadExecutorMap$2.run(ThreadExecutorMap.java:74)
	at io.netty.util.concurrent.FastThreadLocalRunnable.run(FastThreadLocalRunnable.java:30)
	... 1 common frames omitted
2024-03-01 11:27:54 [INFO ] restartedMain StartupInfoLogger.java:55 com.atguigu.srb.sms.ServiceSmsApplication Starting ServiceSmsApplication on Lenovo with PID 8744 (G:\IDEA\srb\service-sms\target\classes started by Lenovo1 in G:\IDEA\srb)
2024-03-01 11:27:54 [INFO ] restartedMain SpringApplication.java:655 com.atguigu.srb.sms.ServiceSmsApplication The following profiles are active: dev
2024-03-01 11:27:57 [INFO ] restartedMain StartupInfoLogger.java:61 com.atguigu.srb.sms.ServiceSmsApplication Started ServiceSmsApplication in 3.187 seconds (JVM running for 5.106)
2024-03-04 11:21:19 [INFO ] restartedMain StartupInfoLogger.java:55 com.atguigu.srb.sms.ServiceSmsApplication Starting ServiceSmsApplication on Lenovo with PID 8744 (G:\IDEA\srb\service-sms\target\classes started by Lenovo1 in G:\IDEA\srb)
2024-03-04 11:21:19 [INFO ] restartedMain SpringApplication.java:655 com.atguigu.srb.sms.ServiceSmsApplication The following profiles are active: dev
2024-03-04 11:21:19 [INFO ] restartedMain StartupInfoLogger.java:55 com.atguigu.srb.oss.ServiceOSSApplication Starting ServiceOSSApplication on Lenovo with PID 8252 (G:\IDEA\srb\service-oss\target\classes started by Lenovo1 in G:\IDEA\srb)
2024-03-04 11:21:19 [INFO ] restartedMain SpringApplication.java:655 com.atguigu.srb.oss.ServiceOSSApplication The following profiles are active: dev
2024-03-04 11:21:20 [INFO ] restartedMain StartupInfoLogger.java:61 com.atguigu.srb.sms.ServiceSmsApplication Started ServiceSmsApplication in 0.907 seconds (JVM running for 258810.455)
2024-03-04 11:21:20 [INFO ] restartedMain StartupInfoLogger.java:61 com.atguigu.srb.oss.ServiceOSSApplication Started ServiceOSSApplication in 0.834 seconds (JVM running for 327467.88)
2024-03-04 11:21:25 [INFO ] restartedMain StartupInfoLogger.java:55 com.atguigu.srb.oss.ServiceOSSApplication Starting ServiceOSSApplication on Lenovo with PID 8252 (G:\IDEA\srb\service-oss\target\classes started by Lenovo1 in G:\IDEA\srb)
2024-03-04 11:21:25 [INFO ] restartedMain SpringApplication.java:655 com.atguigu.srb.oss.ServiceOSSApplication The following profiles are active: dev
2024-03-04 11:21:25 [INFO ] restartedMain StartupInfoLogger.java:55 com.atguigu.srb.sms.ServiceSmsApplication Starting ServiceSmsApplication on Lenovo with PID 8744 (G:\IDEA\srb\service-sms\target\classes started by Lenovo1 in G:\IDEA\srb)
2024-03-04 11:21:25 [INFO ] restartedMain SpringApplication.java:655 com.atguigu.srb.sms.ServiceSmsApplication The following profiles are active: dev
2024-03-04 11:21:26 [INFO ] restartedMain StartupInfoLogger.java:61 com.atguigu.srb.oss.ServiceOSSApplication Started ServiceOSSApplication in 1.169 seconds (JVM running for 327474.185)
2024-03-04 11:21:26 [INFO ] restartedMain StartupInfoLogger.java:61 com.atguigu.srb.sms.ServiceSmsApplication Started ServiceSmsApplication in 1.169 seconds (JVM running for 258817.389)
2024-03-04 14:09:00 [INFO ] restartedMain StartupInfoLogger.java:55 com.atguigu.srb.oss.ServiceOSSApplication Starting ServiceOSSApplication on Lenovo with PID 8252 (G:\IDEA\srb\service-oss\target\classes started by Lenovo1 in G:\IDEA\srb)
2024-03-04 14:09:00 [INFO ] restartedMain SpringApplication.java:655 com.atguigu.srb.oss.ServiceOSSApplication The following profiles are active: dev
2024-03-04 14:09:00 [INFO ] restartedMain StartupInfoLogger.java:55 com.atguigu.srb.sms.ServiceSmsApplication Starting ServiceSmsApplication on Lenovo with PID 8744 (G:\IDEA\srb\service-sms\target\classes started by Lenovo1 in G:\IDEA\srb)
2024-03-04 14:09:00 [INFO ] restartedMain SpringApplication.java:655 com.atguigu.srb.sms.ServiceSmsApplication The following profiles are active: dev
2024-03-04 14:09:01 [INFO ] restartedMain StartupInfoLogger.java:61 com.atguigu.srb.oss.ServiceOSSApplication Started ServiceOSSApplication in 1.406 seconds (JVM running for 337529.128)
2024-03-04 14:09:02 [INFO ] restartedMain StartupInfoLogger.java:61 com.atguigu.srb.sms.ServiceSmsApplication Started ServiceSmsApplication in 1.266 seconds (JVM running for 268872.596)
2024-03-04 14:14:39 [INFO ] restartedMain StartupInfoLogger.java:55 com.atguigu.srb.sms.ServiceSmsApplication Starting ServiceSmsApplication on Lenovo with PID 48640 (G:\IDEA\srb\service-sms\target\classes started by Lenovo1 in G:\IDEA\srb)
2024-03-04 14:14:39 [INFO ] restartedMain SpringApplication.java:655 com.atguigu.srb.sms.ServiceSmsApplication The following profiles are active: dev
2024-03-04 14:14:41 [INFO ] restartedMain StartupInfoLogger.java:61 com.atguigu.srb.sms.ServiceSmsApplication Started ServiceSmsApplication in 2.926 seconds (JVM running for 4.902)
2024-03-05 09:32:12 [INFO ] restartedMain StartupInfoLogger.java:55 com.atguigu.srb.oss.ServiceOSSApplication Starting ServiceOSSApplication on Lenovo with PID 8252 (G:\IDEA\srb\service-oss\target\classes started by Lenovo1 in G:\IDEA\srb)
2024-03-05 09:32:12 [INFO ] restartedMain SpringApplication.java:655 com.atguigu.srb.oss.ServiceOSSApplication The following profiles are active: dev
2024-03-05 09:32:13 [INFO ] restartedMain StartupInfoLogger.java:61 com.atguigu.srb.oss.ServiceOSSApplication Started ServiceOSSApplication in 0.744 seconds (JVM running for 407323.377)
2024-03-05 09:32:17 [INFO ] restartedMain StartupInfoLogger.java:55 com.atguigu.srb.oss.ServiceOSSApplication Starting ServiceOSSApplication on Lenovo with PID 8252 (G:\IDEA\srb\service-oss\target\classes started by Lenovo1 in G:\IDEA\srb)
2024-03-05 09:32:17 [INFO ] restartedMain SpringApplication.java:655 com.atguigu.srb.oss.ServiceOSSApplication The following profiles are active: dev
2024-03-05 09:32:18 [INFO ] restartedMain StartupInfoLogger.java:61 com.atguigu.srb.oss.ServiceOSSApplication Started ServiceOSSApplication in 0.592 seconds (JVM running for 407328.32)
2024-03-05 11:27:43 [INFO ] restartedMain StartupInfoLogger.java:55 com.atguigu.srb.oss.ServiceOSSApplication Starting ServiceOSSApplication on Lenovo with PID 8252 (G:\IDEA\srb\service-oss\target\classes started by Lenovo1 in G:\IDEA\srb)
2024-03-05 11:27:43 [INFO ] restartedMain SpringApplication.java:655 com.atguigu.srb.oss.ServiceOSSApplication The following profiles are active: dev
2024-03-05 11:27:43 [INFO ] restartedMain StartupInfoLogger.java:55 com.atguigu.srb.sms.ServiceSmsApplication Starting ServiceSmsApplication on Lenovo with PID 48640 (G:\IDEA\srb\service-sms\target\classes started by Lenovo1 in G:\IDEA\srb)
2024-03-05 11:27:43 [INFO ] restartedMain SpringApplication.java:655 com.atguigu.srb.sms.ServiceSmsApplication The following profiles are active: dev
2024-03-05 11:27:43 [INFO ] restartedMain StartupInfoLogger.java:61 com.atguigu.srb.oss.ServiceOSSApplication Started ServiceOSSApplication in 0.519 seconds (JVM running for 414253.957)
2024-03-05 11:27:43 [INFO ] restartedMain StartupInfoLogger.java:61 com.atguigu.srb.sms.ServiceSmsApplication Started ServiceSmsApplication in 0.55 seconds (JVM running for 76389.43)
2024-03-05 11:27:48 [INFO ] restartedMain StartupInfoLogger.java:55 com.atguigu.srb.sms.ServiceSmsApplication Starting ServiceSmsApplication on Lenovo with PID 48640 (G:\IDEA\srb\service-sms\target\classes started by Lenovo1 in G:\IDEA\srb)
2024-03-05 11:27:48 [INFO ] restartedMain SpringApplication.java:655 com.atguigu.srb.sms.ServiceSmsApplication The following profiles are active: dev
2024-03-05 11:27:49 [INFO ] restartedMain StartupInfoLogger.java:61 com.atguigu.srb.sms.ServiceSmsApplication Started ServiceSmsApplication in 0.559 seconds (JVM running for 76394.859)
2024-03-05 11:27:49 [INFO ] restartedMain StartupInfoLogger.java:55 com.atguigu.srb.oss.ServiceOSSApplication Starting ServiceOSSApplication on Lenovo with PID 8252 (G:\IDEA\srb\service-oss\target\classes started by Lenovo1 in G:\IDEA\srb)
2024-03-05 11:27:49 [INFO ] restartedMain SpringApplication.java:655 com.atguigu.srb.oss.ServiceOSSApplication The following profiles are active: dev
2024-03-05 11:27:50 [INFO ] restartedMain StartupInfoLogger.java:61 com.atguigu.srb.oss.ServiceOSSApplication Started ServiceOSSApplication in 0.681 seconds (JVM running for 414260.233)
2024-03-05 11:27:52 [INFO ] restartedMain StartupInfoLogger.java:55 com.atguigu.srb.sms.ServiceSmsApplication Starting ServiceSmsApplication on Lenovo with PID 48640 (G:\IDEA\srb\service-sms\target\classes started by Lenovo1 in G:\IDEA\srb)
2024-03-05 11:27:52 [INFO ] restartedMain SpringApplication.java:655 com.atguigu.srb.sms.ServiceSmsApplication The following profiles are active: dev
2024-03-05 11:27:53 [INFO ] restartedMain StartupInfoLogger.java:61 com.atguigu.srb.sms.ServiceSmsApplication Started ServiceSmsApplication in 0.688 seconds (JVM running for 76398.935)
2024-03-05 11:27:55 [INFO ] restartedMain StartupInfoLogger.java:55 com.atguigu.srb.oss.ServiceOSSApplication Starting ServiceOSSApplication on Lenovo with PID 8252 (G:\IDEA\srb\service-oss\target\classes started by Lenovo1 in G:\IDEA\srb)
2024-03-05 11:27:55 [INFO ] restartedMain SpringApplication.java:655 com.atguigu.srb.oss.ServiceOSSApplication The following profiles are active: dev
2024-03-05 11:27:56 [INFO ] restartedMain StartupInfoLogger.java:61 com.atguigu.srb.oss.ServiceOSSApplication Started ServiceOSSApplication in 1.059 seconds (JVM running for 414266.74)
2024-03-05 11:29:42 [INFO ] restartedMain SpringApplication.java:655 com.atguigu.srb.oss.ServiceOSSApplication The following profiles are active: dev
2024-03-05 11:29:45 [INFO ] restartedMain SpringApplication.java:655 com.atguigu.srb.sms.ServiceSmsApplication The following profiles are active: dev
2024-03-05 11:29:49 [INFO ] restartedMain StartupInfoLogger.java:61 com.atguigu.srb.oss.ServiceOSSApplication Started ServiceOSSApplication in 10.147 seconds (JVM running for 11.807)
2024-03-05 11:29:52 [INFO ] restartedMain StartupInfoLogger.java:61 com.atguigu.srb.sms.ServiceSmsApplication Started ServiceSmsApplication in 9.668 seconds (JVM running for 11.491)
2024-03-05 13:06:33 [INFO ] restartedMain SpringApplication.java:655 com.atguigu.srb.sms.ServiceSmsApplication The following profiles are active: dev
2024-03-05 13:06:37 [INFO ] restartedMain StartupInfoLogger.java:61 com.atguigu.srb.sms.ServiceSmsApplication Started ServiceSmsApplication in 6.555 seconds (JVM running for 5816.591)
2024-03-05 13:24:59 [INFO ] restartedMain SpringApplication.java:655 com.atguigu.srb.sms.ServiceSmsApplication The following profiles are active: dev
2024-03-05 13:25:00 [INFO ] restartedMain SpringApplication.java:655 com.atguigu.srb.oss.ServiceOSSApplication The following profiles are active: dev
2024-03-05 13:25:04 [INFO ] restartedMain StartupInfoLogger.java:61 com.atguigu.srb.oss.ServiceOSSApplication Started ServiceOSSApplication in 6.724 seconds (JVM running for 6927.321)
2024-03-05 13:26:08 [INFO ] restartedMain SpringApplication.java:655 com.atguigu.srb.sms.ServiceSmsApplication The following profiles are active: dev
2024-03-05 13:26:14 [INFO ] restartedMain StartupInfoLogger.java:61 com.atguigu.srb.sms.ServiceSmsApplication Started ServiceSmsApplication in 9.001 seconds (JVM running for 10.66)
2024-03-05 13:27:06 [INFO ] http-nio-8120-exec-5 Assert.java:49 com.atguigu.common.exception.Assert fail...............
2024-03-05 13:27:06 [ERROR] http-nio-8120-exec-5 UnifiedExceptionHandler.java:57 com.atguigu.common.exception.UnifiedExceptionHandler 手机号已被注册
com.atguigu.common.exception.BusinessException: 手机号已被注册
	at com.atguigu.common.exception.Assert.isTrue(Assert.java:50)
	at com.atguigu.srb.sms.controller.api.ApiSmsController.send(ApiSmsController.java:52)
	at sun.reflect.NativeMethodAccessorImpl.invoke0(Native Method)
	at sun.reflect.NativeMethodAccessorImpl.invoke(NativeMethodAccessorImpl.java:62)
	at sun.reflect.DelegatingMethodAccessorImpl.invoke(DelegatingMethodAccessorImpl.java:43)
	at java.lang.reflect.Method.invoke(Method.java:498)
	at org.springframework.web.method.support.InvocableHandlerMethod.doInvoke(InvocableHandlerMethod.java:190)
	at org.springframework.web.method.support.InvocableHandlerMethod.invokeForRequest(InvocableHandlerMethod.java:138)
	at org.springframework.web.servlet.mvc.method.annotation.ServletInvocableHandlerMethod.invokeAndHandle(ServletInvocableHandlerMethod.java:105)
	at org.springframework.web.servlet.mvc.method.annotation.RequestMappingHandlerAdapter.invokeHandlerMethod(RequestMappingHandlerAdapter.java:878)
	at org.springframework.web.servlet.mvc.method.annotation.RequestMappingHandlerAdapter.handleInternal(RequestMappingHandlerAdapter.java:792)
	at org.springframework.web.servlet.mvc.method.AbstractHandlerMethodAdapter.handle(AbstractHandlerMethodAdapter.java:87)
	at org.springframework.web.servlet.DispatcherServlet.doDispatch(DispatcherServlet.java:1040)
	at org.springframework.web.servlet.DispatcherServlet.doService(DispatcherServlet.java:943)
	at org.springframework.web.servlet.FrameworkServlet.processRequest(FrameworkServlet.java:1006)
	at org.springframework.web.servlet.FrameworkServlet.doGet(FrameworkServlet.java:898)
	at javax.servlet.http.HttpServlet.service(HttpServlet.java:626)
	at org.springframework.web.servlet.FrameworkServlet.service(FrameworkServlet.java:883)
	at javax.servlet.http.HttpServlet.service(HttpServlet.java:733)
	at org.apache.catalina.core.ApplicationFilterChain.internalDoFilter(ApplicationFilterChain.java:231)
	at org.apache.catalina.core.ApplicationFilterChain.doFilter(ApplicationFilterChain.java:166)
	at org.apache.tomcat.websocket.server.WsFilter.doFilter(WsFilter.java:53)
	at org.apache.catalina.core.ApplicationFilterChain.internalDoFilter(ApplicationFilterChain.java:193)
	at org.apache.catalina.core.ApplicationFilterChain.doFilter(ApplicationFilterChain.java:166)
	at org.springframework.web.filter.RequestContextFilter.doFilterInternal(RequestContextFilter.java:100)
	at org.springframework.web.filter.OncePerRequestFilter.doFilter(OncePerRequestFilter.java:119)
	at org.apache.catalina.core.ApplicationFilterChain.internalDoFilter(ApplicationFilterChain.java:193)
	at org.apache.catalina.core.ApplicationFilterChain.doFilter(ApplicationFilterChain.java:166)
	at org.springframework.web.filter.FormContentFilter.doFilterInternal(FormContentFilter.java:93)
	at org.springframework.web.filter.OncePerRequestFilter.doFilter(OncePerRequestFilter.java:119)
	at org.apache.catalina.core.ApplicationFilterChain.internalDoFilter(ApplicationFilterChain.java:193)
	at org.apache.catalina.core.ApplicationFilterChain.doFilter(ApplicationFilterChain.java:166)
	at org.springframework.web.filter.CharacterEncodingFilter.doFilterInternal(CharacterEncodingFilter.java:201)
	at org.springframework.web.filter.OncePerRequestFilter.doFilter(OncePerRequestFilter.java:119)
	at org.apache.catalina.core.ApplicationFilterChain.internalDoFilter(ApplicationFilterChain.java:193)
	at org.apache.catalina.core.ApplicationFilterChain.doFilter(ApplicationFilterChain.java:166)
	at org.apache.catalina.core.StandardWrapperValve.invoke(StandardWrapperValve.java:202)
	at org.apache.catalina.core.StandardContextValve.invoke(StandardContextValve.java:97)
	at org.apache.catalina.authenticator.AuthenticatorBase.invoke(AuthenticatorBase.java:541)
	at org.apache.catalina.core.StandardHostValve.invoke(StandardHostValve.java:143)
	at org.apache.catalina.valves.ErrorReportValve.invoke(ErrorReportValve.java:92)
	at org.apache.catalina.core.StandardEngineValve.invoke(StandardEngineValve.java:78)
	at org.apache.catalina.connector.CoyoteAdapter.service(CoyoteAdapter.java:343)
	at org.apache.coyote.http11.Http11Processor.service(Http11Processor.java:374)
	at org.apache.coyote.AbstractProcessorLight.process(AbstractProcessorLight.java:65)
	at org.apache.coyote.AbstractProtocol$ConnectionHandler.process(AbstractProtocol.java:868)
	at org.apache.tomcat.util.net.NioEndpoint$SocketProcessor.doRun(NioEndpoint.java:1590)
	at org.apache.tomcat.util.net.SocketProcessorBase.run(SocketProcessorBase.java:49)
	at java.util.concurrent.ThreadPoolExecutor.runWorker(ThreadPoolExecutor.java:1149)
	at java.util.concurrent.ThreadPoolExecutor$Worker.run(ThreadPoolExecutor.java:624)
	at org.apache.tomcat.util.threads.TaskThread$WrappingRunnable.run(TaskThread.java:61)
	at java.lang.Thread.run(Thread.java:750)
2024-03-05 13:31:20 [INFO ] restartedMain SpringApplication.java:655 com.atguigu.srb.sms.ServiceSmsApplication The following profiles are active: dev
2024-03-05 13:31:25 [INFO ] restartedMain StartupInfoLogger.java:61 com.atguigu.srb.sms.ServiceSmsApplication Started ServiceSmsApplication in 6.618 seconds (JVM running for 320.82)
2024-03-05 13:32:12 [INFO ] restartedMain SpringApplication.java:655 com.atguigu.srb.sms.ServiceSmsApplication The following profiles are active: dev
2024-03-05 13:32:18 [INFO ] restartedMain StartupInfoLogger.java:61 com.atguigu.srb.sms.ServiceSmsApplication Started ServiceSmsApplication in 9.071 seconds (JVM running for 10.787)
2024-03-05 13:32:31 [INFO ] http-nio-8120-exec-9 Assert.java:49 com.atguigu.common.exception.Assert fail...............
2024-03-05 13:32:31 [ERROR] http-nio-8120-exec-9 UnifiedExceptionHandler.java:57 com.atguigu.common.exception.UnifiedExceptionHandler 手机号已被注册
com.atguigu.common.exception.BusinessException: 手机号已被注册
	at com.atguigu.common.exception.Assert.isTrue(Assert.java:50)
	at com.atguigu.srb.sms.controller.api.ApiSmsController.send(ApiSmsController.java:52)
	at sun.reflect.NativeMethodAccessorImpl.invoke0(Native Method)
	at sun.reflect.NativeMethodAccessorImpl.invoke(NativeMethodAccessorImpl.java:62)
	at sun.reflect.DelegatingMethodAccessorImpl.invoke(DelegatingMethodAccessorImpl.java:43)
	at java.lang.reflect.Method.invoke(Method.java:498)
	at org.springframework.web.method.support.InvocableHandlerMethod.doInvoke(InvocableHandlerMethod.java:190)
	at org.springframework.web.method.support.InvocableHandlerMethod.invokeForRequest(InvocableHandlerMethod.java:138)
	at org.springframework.web.servlet.mvc.method.annotation.ServletInvocableHandlerMethod.invokeAndHandle(ServletInvocableHandlerMethod.java:105)
	at org.springframework.web.servlet.mvc.method.annotation.RequestMappingHandlerAdapter.invokeHandlerMethod(RequestMappingHandlerAdapter.java:878)
	at org.springframework.web.servlet.mvc.method.annotation.RequestMappingHandlerAdapter.handleInternal(RequestMappingHandlerAdapter.java:792)
	at org.springframework.web.servlet.mvc.method.AbstractHandlerMethodAdapter.handle(AbstractHandlerMethodAdapter.java:87)
	at org.springframework.web.servlet.DispatcherServlet.doDispatch(DispatcherServlet.java:1040)
	at org.springframework.web.servlet.DispatcherServlet.doService(DispatcherServlet.java:943)
	at org.springframework.web.servlet.FrameworkServlet.processRequest(FrameworkServlet.java:1006)
	at org.springframework.web.servlet.FrameworkServlet.doGet(FrameworkServlet.java:898)
	at javax.servlet.http.HttpServlet.service(HttpServlet.java:626)
	at org.springframework.web.servlet.FrameworkServlet.service(FrameworkServlet.java:883)
	at javax.servlet.http.HttpServlet.service(HttpServlet.java:733)
	at org.apache.catalina.core.ApplicationFilterChain.internalDoFilter(ApplicationFilterChain.java:231)
	at org.apache.catalina.core.ApplicationFilterChain.doFilter(ApplicationFilterChain.java:166)
	at org.apache.tomcat.websocket.server.WsFilter.doFilter(WsFilter.java:53)
	at org.apache.catalina.core.ApplicationFilterChain.internalDoFilter(ApplicationFilterChain.java:193)
	at org.apache.catalina.core.ApplicationFilterChain.doFilter(ApplicationFilterChain.java:166)
	at org.springframework.web.filter.RequestContextFilter.doFilterInternal(RequestContextFilter.java:100)
	at org.springframework.web.filter.OncePerRequestFilter.doFilter(OncePerRequestFilter.java:119)
	at org.apache.catalina.core.ApplicationFilterChain.internalDoFilter(ApplicationFilterChain.java:193)
	at org.apache.catalina.core.ApplicationFilterChain.doFilter(ApplicationFilterChain.java:166)
	at org.springframework.web.filter.FormContentFilter.doFilterInternal(FormContentFilter.java:93)
	at org.springframework.web.filter.OncePerRequestFilter.doFilter(OncePerRequestFilter.java:119)
	at org.apache.catalina.core.ApplicationFilterChain.internalDoFilter(ApplicationFilterChain.java:193)
	at org.apache.catalina.core.ApplicationFilterChain.doFilter(ApplicationFilterChain.java:166)
	at org.springframework.web.filter.CharacterEncodingFilter.doFilterInternal(CharacterEncodingFilter.java:201)
	at org.springframework.web.filter.OncePerRequestFilter.doFilter(OncePerRequestFilter.java:119)
	at org.apache.catalina.core.ApplicationFilterChain.internalDoFilter(ApplicationFilterChain.java:193)
	at org.apache.catalina.core.ApplicationFilterChain.doFilter(ApplicationFilterChain.java:166)
	at org.apache.catalina.core.StandardWrapperValve.invoke(StandardWrapperValve.java:202)
	at org.apache.catalina.core.StandardContextValve.invoke(StandardContextValve.java:97)
	at org.apache.catalina.authenticator.AuthenticatorBase.invoke(AuthenticatorBase.java:541)
	at org.apache.catalina.core.StandardHostValve.invoke(StandardHostValve.java:143)
	at org.apache.catalina.valves.ErrorReportValve.invoke(ErrorReportValve.java:92)
	at org.apache.catalina.core.StandardEngineValve.invoke(StandardEngineValve.java:78)
	at org.apache.catalina.connector.CoyoteAdapter.service(CoyoteAdapter.java:343)
	at org.apache.coyote.http11.Http11Processor.service(Http11Processor.java:374)
	at org.apache.coyote.AbstractProcessorLight.process(AbstractProcessorLight.java:65)
	at org.apache.coyote.AbstractProtocol$ConnectionHandler.process(AbstractProtocol.java:868)
	at org.apache.tomcat.util.net.NioEndpoint$SocketProcessor.doRun(NioEndpoint.java:1590)
	at org.apache.tomcat.util.net.SocketProcessorBase.run(SocketProcessorBase.java:49)
	at java.util.concurrent.ThreadPoolExecutor.runWorker(ThreadPoolExecutor.java:1149)
	at java.util.concurrent.ThreadPoolExecutor$Worker.run(ThreadPoolExecutor.java:624)
	at org.apache.tomcat.util.threads.TaskThread$WrappingRunnable.run(TaskThread.java:61)
	at java.lang.Thread.run(Thread.java:750)
2024-03-05 13:34:31 [INFO ] http-nio-8120-exec-6 Assert.java:49 com.atguigu.common.exception.Assert fail...............
2024-03-05 13:34:31 [ERROR] http-nio-8120-exec-6 UnifiedExceptionHandler.java:57 com.atguigu.common.exception.UnifiedExceptionHandler 手机号已被注册
com.atguigu.common.exception.BusinessException: 手机号已被注册
	at com.atguigu.common.exception.Assert.isTrue(Assert.java:50)
	at com.atguigu.srb.sms.controller.api.ApiSmsController.send(ApiSmsController.java:52)
	at sun.reflect.NativeMethodAccessorImpl.invoke0(Native Method)
	at sun.reflect.NativeMethodAccessorImpl.invoke(NativeMethodAccessorImpl.java:62)
	at sun.reflect.DelegatingMethodAccessorImpl.invoke(DelegatingMethodAccessorImpl.java:43)
	at java.lang.reflect.Method.invoke(Method.java:498)
	at org.springframework.web.method.support.InvocableHandlerMethod.doInvoke(InvocableHandlerMethod.java:190)
	at org.springframework.web.method.support.InvocableHandlerMethod.invokeForRequest(InvocableHandlerMethod.java:138)
	at org.springframework.web.servlet.mvc.method.annotation.ServletInvocableHandlerMethod.invokeAndHandle(ServletInvocableHandlerMethod.java:105)
	at org.springframework.web.servlet.mvc.method.annotation.RequestMappingHandlerAdapter.invokeHandlerMethod(RequestMappingHandlerAdapter.java:878)
	at org.springframework.web.servlet.mvc.method.annotation.RequestMappingHandlerAdapter.handleInternal(RequestMappingHandlerAdapter.java:792)
	at org.springframework.web.servlet.mvc.method.AbstractHandlerMethodAdapter.handle(AbstractHandlerMethodAdapter.java:87)
	at org.springframework.web.servlet.DispatcherServlet.doDispatch(DispatcherServlet.java:1040)
	at org.springframework.web.servlet.DispatcherServlet.doService(DispatcherServlet.java:943)
	at org.springframework.web.servlet.FrameworkServlet.processRequest(FrameworkServlet.java:1006)
	at org.springframework.web.servlet.FrameworkServlet.doGet(FrameworkServlet.java:898)
	at javax.servlet.http.HttpServlet.service(HttpServlet.java:626)
	at org.springframework.web.servlet.FrameworkServlet.service(FrameworkServlet.java:883)
	at javax.servlet.http.HttpServlet.service(HttpServlet.java:733)
	at org.apache.catalina.core.ApplicationFilterChain.internalDoFilter(ApplicationFilterChain.java:231)
	at org.apache.catalina.core.ApplicationFilterChain.doFilter(ApplicationFilterChain.java:166)
	at org.apache.tomcat.websocket.server.WsFilter.doFilter(WsFilter.java:53)
	at org.apache.catalina.core.ApplicationFilterChain.internalDoFilter(ApplicationFilterChain.java:193)
	at org.apache.catalina.core.ApplicationFilterChain.doFilter(ApplicationFilterChain.java:166)
	at org.springframework.web.filter.RequestContextFilter.doFilterInternal(RequestContextFilter.java:100)
	at org.springframework.web.filter.OncePerRequestFilter.doFilter(OncePerRequestFilter.java:119)
	at org.apache.catalina.core.ApplicationFilterChain.internalDoFilter(ApplicationFilterChain.java:193)
	at org.apache.catalina.core.ApplicationFilterChain.doFilter(ApplicationFilterChain.java:166)
	at org.springframework.web.filter.FormContentFilter.doFilterInternal(FormContentFilter.java:93)
	at org.springframework.web.filter.OncePerRequestFilter.doFilter(OncePerRequestFilter.java:119)
	at org.apache.catalina.core.ApplicationFilterChain.internalDoFilter(ApplicationFilterChain.java:193)
	at org.apache.catalina.core.ApplicationFilterChain.doFilter(ApplicationFilterChain.java:166)
	at org.springframework.web.filter.CharacterEncodingFilter.doFilterInternal(CharacterEncodingFilter.java:201)
	at org.springframework.web.filter.OncePerRequestFilter.doFilter(OncePerRequestFilter.java:119)
	at org.apache.catalina.core.ApplicationFilterChain.internalDoFilter(ApplicationFilterChain.java:193)
	at org.apache.catalina.core.ApplicationFilterChain.doFilter(ApplicationFilterChain.java:166)
	at org.apache.catalina.core.StandardWrapperValve.invoke(StandardWrapperValve.java:202)
	at org.apache.catalina.core.StandardContextValve.invoke(StandardContextValve.java:97)
	at org.apache.catalina.authenticator.AuthenticatorBase.invoke(AuthenticatorBase.java:541)
	at org.apache.catalina.core.StandardHostValve.invoke(StandardHostValve.java:143)
	at org.apache.catalina.valves.ErrorReportValve.invoke(ErrorReportValve.java:92)
	at org.apache.catalina.core.StandardEngineValve.invoke(StandardEngineValve.java:78)
	at org.apache.catalina.connector.CoyoteAdapter.service(CoyoteAdapter.java:343)
	at org.apache.coyote.http11.Http11Processor.service(Http11Processor.java:374)
	at org.apache.coyote.AbstractProcessorLight.process(AbstractProcessorLight.java:65)
	at org.apache.coyote.AbstractProtocol$ConnectionHandler.process(AbstractProtocol.java:868)
	at org.apache.tomcat.util.net.NioEndpoint$SocketProcessor.doRun(NioEndpoint.java:1590)
	at org.apache.tomcat.util.net.SocketProcessorBase.run(SocketProcessorBase.java:49)
	at java.util.concurrent.ThreadPoolExecutor.runWorker(ThreadPoolExecutor.java:1149)
	at java.util.concurrent.ThreadPoolExecutor$Worker.run(ThreadPoolExecutor.java:624)
	at org.apache.tomcat.util.threads.TaskThread$WrappingRunnable.run(TaskThread.java:61)
	at java.lang.Thread.run(Thread.java:750)
2024-03-05 13:35:58 [INFO ] restartedMain SpringApplication.java:655 com.atguigu.srb.sms.ServiceSmsApplication The following profiles are active: dev
2024-03-05 13:36:02 [INFO ] restartedMain StartupInfoLogger.java:61 com.atguigu.srb.sms.ServiceSmsApplication Started ServiceSmsApplication in 6.546 seconds (JVM running for 234.018)
2024-03-05 13:36:17 [INFO ] http-nio-8120-exec-1 Assert.java:49 com.atguigu.common.exception.Assert fail...............
2024-03-05 13:36:17 [ERROR] http-nio-8120-exec-1 UnifiedExceptionHandler.java:57 com.atguigu.common.exception.UnifiedExceptionHandler 手机号已被注册
com.atguigu.common.exception.BusinessException: 手机号已被注册
	at com.atguigu.common.exception.Assert.isTrue(Assert.java:50)
	at com.atguigu.srb.sms.controller.api.ApiSmsController.send(ApiSmsController.java:52)
	at sun.reflect.NativeMethodAccessorImpl.invoke0(Native Method)
	at sun.reflect.NativeMethodAccessorImpl.invoke(NativeMethodAccessorImpl.java:62)
	at sun.reflect.DelegatingMethodAccessorImpl.invoke(DelegatingMethodAccessorImpl.java:43)
	at java.lang.reflect.Method.invoke(Method.java:498)
	at org.springframework.web.method.support.InvocableHandlerMethod.doInvoke(InvocableHandlerMethod.java:190)
	at org.springframework.web.method.support.InvocableHandlerMethod.invokeForRequest(InvocableHandlerMethod.java:138)
	at org.springframework.web.servlet.mvc.method.annotation.ServletInvocableHandlerMethod.invokeAndHandle(ServletInvocableHandlerMethod.java:105)
	at org.springframework.web.servlet.mvc.method.annotation.RequestMappingHandlerAdapter.invokeHandlerMethod(RequestMappingHandlerAdapter.java:878)
	at org.springframework.web.servlet.mvc.method.annotation.RequestMappingHandlerAdapter.handleInternal(RequestMappingHandlerAdapter.java:792)
	at org.springframework.web.servlet.mvc.method.AbstractHandlerMethodAdapter.handle(AbstractHandlerMethodAdapter.java:87)
	at org.springframework.web.servlet.DispatcherServlet.doDispatch(DispatcherServlet.java:1040)
	at org.springframework.web.servlet.DispatcherServlet.doService(DispatcherServlet.java:943)
	at org.springframework.web.servlet.FrameworkServlet.processRequest(FrameworkServlet.java:1006)
	at org.springframework.web.servlet.FrameworkServlet.doGet(FrameworkServlet.java:898)
	at javax.servlet.http.HttpServlet.service(HttpServlet.java:626)
	at org.springframework.web.servlet.FrameworkServlet.service(FrameworkServlet.java:883)
	at javax.servlet.http.HttpServlet.service(HttpServlet.java:733)
	at org.apache.catalina.core.ApplicationFilterChain.internalDoFilter(ApplicationFilterChain.java:231)
	at org.apache.catalina.core.ApplicationFilterChain.doFilter(ApplicationFilterChain.java:166)
	at org.apache.tomcat.websocket.server.WsFilter.doFilter(WsFilter.java:53)
	at org.apache.catalina.core.ApplicationFilterChain.internalDoFilter(ApplicationFilterChain.java:193)
	at org.apache.catalina.core.ApplicationFilterChain.doFilter(ApplicationFilterChain.java:166)
	at org.springframework.web.filter.RequestContextFilter.doFilterInternal(RequestContextFilter.java:100)
	at org.springframework.web.filter.OncePerRequestFilter.doFilter(OncePerRequestFilter.java:119)
	at org.apache.catalina.core.ApplicationFilterChain.internalDoFilter(ApplicationFilterChain.java:193)
	at org.apache.catalina.core.ApplicationFilterChain.doFilter(ApplicationFilterChain.java:166)
	at org.springframework.web.filter.FormContentFilter.doFilterInternal(FormContentFilter.java:93)
	at org.springframework.web.filter.OncePerRequestFilter.doFilter(OncePerRequestFilter.java:119)
	at org.apache.catalina.core.ApplicationFilterChain.internalDoFilter(ApplicationFilterChain.java:193)
	at org.apache.catalina.core.ApplicationFilterChain.doFilter(ApplicationFilterChain.java:166)
	at org.springframework.web.filter.CharacterEncodingFilter.doFilterInternal(CharacterEncodingFilter.java:201)
	at org.springframework.web.filter.OncePerRequestFilter.doFilter(OncePerRequestFilter.java:119)
	at org.apache.catalina.core.ApplicationFilterChain.internalDoFilter(ApplicationFilterChain.java:193)
	at org.apache.catalina.core.ApplicationFilterChain.doFilter(ApplicationFilterChain.java:166)
	at org.apache.catalina.core.StandardWrapperValve.invoke(StandardWrapperValve.java:202)
	at org.apache.catalina.core.StandardContextValve.invoke(StandardContextValve.java:97)
	at org.apache.catalina.authenticator.AuthenticatorBase.invoke(AuthenticatorBase.java:541)
	at org.apache.catalina.core.StandardHostValve.invoke(StandardHostValve.java:143)
	at org.apache.catalina.valves.ErrorReportValve.invoke(ErrorReportValve.java:92)
	at org.apache.catalina.core.StandardEngineValve.invoke(StandardEngineValve.java:78)
	at org.apache.catalina.connector.CoyoteAdapter.service(CoyoteAdapter.java:343)
	at org.apache.coyote.http11.Http11Processor.service(Http11Processor.java:374)
	at org.apache.coyote.AbstractProcessorLight.process(AbstractProcessorLight.java:65)
	at org.apache.coyote.AbstractProtocol$ConnectionHandler.process(AbstractProtocol.java:868)
	at org.apache.tomcat.util.net.NioEndpoint$SocketProcessor.doRun(NioEndpoint.java:1590)
	at org.apache.tomcat.util.net.SocketProcessorBase.run(SocketProcessorBase.java:49)
	at java.util.concurrent.ThreadPoolExecutor.runWorker(ThreadPoolExecutor.java:1149)
	at java.util.concurrent.ThreadPoolExecutor$Worker.run(ThreadPoolExecutor.java:624)
	at org.apache.tomcat.util.threads.TaskThread$WrappingRunnable.run(TaskThread.java:61)
	at java.lang.Thread.run(Thread.java:750)
2024-03-05 13:40:48 [INFO ] restartedMain SpringApplication.java:655 com.atguigu.srb.sms.ServiceSmsApplication The following profiles are active: dev
2024-03-05 13:40:52 [INFO ] restartedMain StartupInfoLogger.java:61 com.atguigu.srb.sms.ServiceSmsApplication Started ServiceSmsApplication in 6.385 seconds (JVM running for 524.075)
2024-03-05 13:48:07 [INFO ] restartedMain SpringApplication.java:655 com.atguigu.srb.oss.ServiceOSSApplication The following profiles are active: dev
2024-03-05 13:48:08 [INFO ] restartedMain SpringApplication.java:655 com.atguigu.srb.sms.ServiceSmsApplication The following profiles are active: dev
2024-03-05 13:48:12 [INFO ] restartedMain StartupInfoLogger.java:61 com.atguigu.srb.sms.ServiceSmsApplication Started ServiceSmsApplication in 6.774 seconds (JVM running for 964.217)
2024-03-05 13:48:13 [ERROR] http-nio-8120-exec-1 UnifiedExceptionHandler.java:40 com.atguigu.common.exception.UnifiedExceptionHandler com.netflix.client.ClientException: Load balancer does not have available server for client: service-core
java.lang.RuntimeException: com.netflix.client.ClientException: Load balancer does not have available server for client: service-core
	at org.springframework.cloud.openfeign.ribbon.LoadBalancerFeignClient.execute(LoadBalancerFeignClient.java:90)
	at feign.SynchronousMethodHandler.executeAndDecode(SynchronousMethodHandler.java:119)
	at feign.SynchronousMethodHandler.invoke(SynchronousMethodHandler.java:89)
	at feign.ReflectiveFeign$FeignInvocationHandler.invoke(ReflectiveFeign.java:100)
	at com.sun.proxy.$Proxy143.checkMobile(Unknown Source)
	at com.atguigu.srb.sms.controller.api.ApiSmsController.send(ApiSmsController.java:50)
	at sun.reflect.NativeMethodAccessorImpl.invoke0(Native Method)
	at sun.reflect.NativeMethodAccessorImpl.invoke(NativeMethodAccessorImpl.java:62)
	at sun.reflect.DelegatingMethodAccessorImpl.invoke(DelegatingMethodAccessorImpl.java:43)
	at java.lang.reflect.Method.invoke(Method.java:498)
	at org.springframework.web.method.support.InvocableHandlerMethod.doInvoke(InvocableHandlerMethod.java:190)
	at org.springframework.web.method.support.InvocableHandlerMethod.invokeForRequest(InvocableHandlerMethod.java:138)
	at org.springframework.web.servlet.mvc.method.annotation.ServletInvocableHandlerMethod.invokeAndHandle(ServletInvocableHandlerMethod.java:105)
	at org.springframework.web.servlet.mvc.method.annotation.RequestMappingHandlerAdapter.invokeHandlerMethod(RequestMappingHandlerAdapter.java:878)
	at org.springframework.web.servlet.mvc.method.annotation.RequestMappingHandlerAdapter.handleInternal(RequestMappingHandlerAdapter.java:792)
	at org.springframework.web.servlet.mvc.method.AbstractHandlerMethodAdapter.handle(AbstractHandlerMethodAdapter.java:87)
	at org.springframework.web.servlet.DispatcherServlet.doDispatch(DispatcherServlet.java:1040)
	at org.springframework.web.servlet.DispatcherServlet.doService(DispatcherServlet.java:943)
	at org.springframework.web.servlet.FrameworkServlet.processRequest(FrameworkServlet.java:1006)
	at org.springframework.web.servlet.FrameworkServlet.doGet(FrameworkServlet.java:898)
	at javax.servlet.http.HttpServlet.service(HttpServlet.java:626)
	at org.springframework.web.servlet.FrameworkServlet.service(FrameworkServlet.java:883)
	at javax.servlet.http.HttpServlet.service(HttpServlet.java:733)
	at org.apache.catalina.core.ApplicationFilterChain.internalDoFilter(ApplicationFilterChain.java:231)
	at org.apache.catalina.core.ApplicationFilterChain.doFilter(ApplicationFilterChain.java:166)
	at org.apache.tomcat.websocket.server.WsFilter.doFilter(WsFilter.java:53)
	at org.apache.catalina.core.ApplicationFilterChain.internalDoFilter(ApplicationFilterChain.java:193)
	at org.apache.catalina.core.ApplicationFilterChain.doFilter(ApplicationFilterChain.java:166)
	at org.springframework.web.filter.RequestContextFilter.doFilterInternal(RequestContextFilter.java:100)
	at org.springframework.web.filter.OncePerRequestFilter.doFilter(OncePerRequestFilter.java:119)
	at org.apache.catalina.core.ApplicationFilterChain.internalDoFilter(ApplicationFilterChain.java:193)
	at org.apache.catalina.core.ApplicationFilterChain.doFilter(ApplicationFilterChain.java:166)
	at org.springframework.web.filter.FormContentFilter.doFilterInternal(FormContentFilter.java:93)
	at org.springframework.web.filter.OncePerRequestFilter.doFilter(OncePerRequestFilter.java:119)
	at org.apache.catalina.core.ApplicationFilterChain.internalDoFilter(ApplicationFilterChain.java:193)
	at org.apache.catalina.core.ApplicationFilterChain.doFilter(ApplicationFilterChain.java:166)
	at org.springframework.web.filter.CharacterEncodingFilter.doFilterInternal(CharacterEncodingFilter.java:201)
	at org.springframework.web.filter.OncePerRequestFilter.doFilter(OncePerRequestFilter.java:119)
	at org.apache.catalina.core.ApplicationFilterChain.internalDoFilter(ApplicationFilterChain.java:193)
	at org.apache.catalina.core.ApplicationFilterChain.doFilter(ApplicationFilterChain.java:166)
	at org.apache.catalina.core.StandardWrapperValve.invoke(StandardWrapperValve.java:202)
	at org.apache.catalina.core.StandardContextValve.invoke(StandardContextValve.java:97)
	at org.apache.catalina.authenticator.AuthenticatorBase.invoke(AuthenticatorBase.java:541)
	at org.apache.catalina.core.StandardHostValve.invoke(StandardHostValve.java:143)
	at org.apache.catalina.valves.ErrorReportValve.invoke(ErrorReportValve.java:92)
	at org.apache.catalina.core.StandardEngineValve.invoke(StandardEngineValve.java:78)
	at org.apache.catalina.connector.CoyoteAdapter.service(CoyoteAdapter.java:343)
	at org.apache.coyote.http11.Http11Processor.service(Http11Processor.java:374)
	at org.apache.coyote.AbstractProcessorLight.process(AbstractProcessorLight.java:65)
	at org.apache.coyote.AbstractProtocol$ConnectionHandler.process(AbstractProtocol.java:868)
	at org.apache.tomcat.util.net.NioEndpoint$SocketProcessor.doRun(NioEndpoint.java:1590)
	at org.apache.tomcat.util.net.SocketProcessorBase.run(SocketProcessorBase.java:49)
	at java.util.concurrent.ThreadPoolExecutor.runWorker(ThreadPoolExecutor.java:1149)
	at java.util.concurrent.ThreadPoolExecutor$Worker.run(ThreadPoolExecutor.java:624)
	at org.apache.tomcat.util.threads.TaskThread$WrappingRunnable.run(TaskThread.java:61)
	at java.lang.Thread.run(Thread.java:750)
Caused by: com.netflix.client.ClientException: Load balancer does not have available server for client: service-core
	at com.netflix.loadbalancer.LoadBalancerContext.getServerFromLoadBalancer(LoadBalancerContext.java:483)
	at com.netflix.loadbalancer.reactive.LoadBalancerCommand$1.call(LoadBalancerCommand.java:184)
	at com.netflix.loadbalancer.reactive.LoadBalancerCommand$1.call(LoadBalancerCommand.java:180)
	at rx.Observable.unsafeSubscribe(Observable.java:10327)
	at rx.internal.operators.OnSubscribeConcatMap.call(OnSubscribeConcatMap.java:94)
	at rx.internal.operators.OnSubscribeConcatMap.call(OnSubscribeConcatMap.java:42)
	at rx.internal.operators.OnSubscribeLift.call(OnSubscribeLift.java:48)
	at rx.internal.operators.OnSubscribeLift.call(OnSubscribeLift.java:30)
	at rx.internal.operators.OnSubscribeLift.call(OnSubscribeLift.java:48)
	at rx.internal.operators.OnSubscribeLift.call(OnSubscribeLift.java:30)
	at rx.Observable.subscribe(Observable.java:10423)
	at rx.Observable.subscribe(Observable.java:10390)
	at rx.observables.BlockingObservable.blockForSingle(BlockingObservable.java:443)
	at rx.observables.BlockingObservable.single(BlockingObservable.java:340)
	at com.netflix.client.AbstractLoadBalancerAwareClient.executeWithLoadBalancer(AbstractLoadBalancerAwareClient.java:112)
	at org.springframework.cloud.openfeign.ribbon.LoadBalancerFeignClient.execute(LoadBalancerFeignClient.java:83)
	... 55 common frames omitted
2024-03-05 13:49:05 [ERROR] http-nio-8120-exec-2 UnifiedExceptionHandler.java:40 com.atguigu.common.exception.UnifiedExceptionHandler com.netflix.client.ClientException: Load balancer does not have available server for client: service-core
java.lang.RuntimeException: com.netflix.client.ClientException: Load balancer does not have available server for client: service-core
	at org.springframework.cloud.openfeign.ribbon.LoadBalancerFeignClient.execute(LoadBalancerFeignClient.java:90)
	at feign.SynchronousMethodHandler.executeAndDecode(SynchronousMethodHandler.java:119)
	at feign.SynchronousMethodHandler.invoke(SynchronousMethodHandler.java:89)
	at feign.ReflectiveFeign$FeignInvocationHandler.invoke(ReflectiveFeign.java:100)
	at com.sun.proxy.$Proxy143.checkMobile(Unknown Source)
	at com.atguigu.srb.sms.controller.api.ApiSmsController.send(ApiSmsController.java:50)
	at sun.reflect.NativeMethodAccessorImpl.invoke0(Native Method)
	at sun.reflect.NativeMethodAccessorImpl.invoke(NativeMethodAccessorImpl.java:62)
	at sun.reflect.DelegatingMethodAccessorImpl.invoke(DelegatingMethodAccessorImpl.java:43)
	at java.lang.reflect.Method.invoke(Method.java:498)
	at org.springframework.web.method.support.InvocableHandlerMethod.doInvoke(InvocableHandlerMethod.java:190)
	at org.springframework.web.method.support.InvocableHandlerMethod.invokeForRequest(InvocableHandlerMethod.java:138)
	at org.springframework.web.servlet.mvc.method.annotation.ServletInvocableHandlerMethod.invokeAndHandle(ServletInvocableHandlerMethod.java:105)
	at org.springframework.web.servlet.mvc.method.annotation.RequestMappingHandlerAdapter.invokeHandlerMethod(RequestMappingHandlerAdapter.java:878)
	at org.springframework.web.servlet.mvc.method.annotation.RequestMappingHandlerAdapter.handleInternal(RequestMappingHandlerAdapter.java:792)
	at org.springframework.web.servlet.mvc.method.AbstractHandlerMethodAdapter.handle(AbstractHandlerMethodAdapter.java:87)
	at org.springframework.web.servlet.DispatcherServlet.doDispatch(DispatcherServlet.java:1040)
	at org.springframework.web.servlet.DispatcherServlet.doService(DispatcherServlet.java:943)
	at org.springframework.web.servlet.FrameworkServlet.processRequest(FrameworkServlet.java:1006)
	at org.springframework.web.servlet.FrameworkServlet.doGet(FrameworkServlet.java:898)
	at javax.servlet.http.HttpServlet.service(HttpServlet.java:626)
	at org.springframework.web.servlet.FrameworkServlet.service(FrameworkServlet.java:883)
	at javax.servlet.http.HttpServlet.service(HttpServlet.java:733)
	at org.apache.catalina.core.ApplicationFilterChain.internalDoFilter(ApplicationFilterChain.java:231)
	at org.apache.catalina.core.ApplicationFilterChain.doFilter(ApplicationFilterChain.java:166)
	at org.apache.tomcat.websocket.server.WsFilter.doFilter(WsFilter.java:53)
	at org.apache.catalina.core.ApplicationFilterChain.internalDoFilter(ApplicationFilterChain.java:193)
	at org.apache.catalina.core.ApplicationFilterChain.doFilter(ApplicationFilterChain.java:166)
	at org.springframework.web.filter.RequestContextFilter.doFilterInternal(RequestContextFilter.java:100)
	at org.springframework.web.filter.OncePerRequestFilter.doFilter(OncePerRequestFilter.java:119)
	at org.apache.catalina.core.ApplicationFilterChain.internalDoFilter(ApplicationFilterChain.java:193)
	at org.apache.catalina.core.ApplicationFilterChain.doFilter(ApplicationFilterChain.java:166)
	at org.springframework.web.filter.FormContentFilter.doFilterInternal(FormContentFilter.java:93)
	at org.springframework.web.filter.OncePerRequestFilter.doFilter(OncePerRequestFilter.java:119)
	at org.apache.catalina.core.ApplicationFilterChain.internalDoFilter(ApplicationFilterChain.java:193)
	at org.apache.catalina.core.ApplicationFilterChain.doFilter(ApplicationFilterChain.java:166)
	at org.springframework.web.filter.CharacterEncodingFilter.doFilterInternal(CharacterEncodingFilter.java:201)
	at org.springframework.web.filter.OncePerRequestFilter.doFilter(OncePerRequestFilter.java:119)
	at org.apache.catalina.core.ApplicationFilterChain.internalDoFilter(ApplicationFilterChain.java:193)
	at org.apache.catalina.core.ApplicationFilterChain.doFilter(ApplicationFilterChain.java:166)
	at org.apache.catalina.core.StandardWrapperValve.invoke(StandardWrapperValve.java:202)
	at org.apache.catalina.core.StandardContextValve.invoke(StandardContextValve.java:97)
	at org.apache.catalina.authenticator.AuthenticatorBase.invoke(AuthenticatorBase.java:541)
	at org.apache.catalina.core.StandardHostValve.invoke(StandardHostValve.java:143)
	at org.apache.catalina.valves.ErrorReportValve.invoke(ErrorReportValve.java:92)
	at org.apache.catalina.core.StandardEngineValve.invoke(StandardEngineValve.java:78)
	at org.apache.catalina.connector.CoyoteAdapter.service(CoyoteAdapter.java:343)
	at org.apache.coyote.http11.Http11Processor.service(Http11Processor.java:374)
	at org.apache.coyote.AbstractProcessorLight.process(AbstractProcessorLight.java:65)
	at org.apache.coyote.AbstractProtocol$ConnectionHandler.process(AbstractProtocol.java:868)
	at org.apache.tomcat.util.net.NioEndpoint$SocketProcessor.doRun(NioEndpoint.java:1590)
	at org.apache.tomcat.util.net.SocketProcessorBase.run(SocketProcessorBase.java:49)
	at java.util.concurrent.ThreadPoolExecutor.runWorker(ThreadPoolExecutor.java:1149)
	at java.util.concurrent.ThreadPoolExecutor$Worker.run(ThreadPoolExecutor.java:624)
	at org.apache.tomcat.util.threads.TaskThread$WrappingRunnable.run(TaskThread.java:61)
	at java.lang.Thread.run(Thread.java:750)
Caused by: com.netflix.client.ClientException: Load balancer does not have available server for client: service-core
	at com.netflix.loadbalancer.LoadBalancerContext.getServerFromLoadBalancer(LoadBalancerContext.java:483)
	at com.netflix.loadbalancer.reactive.LoadBalancerCommand$1.call(LoadBalancerCommand.java:184)
	at com.netflix.loadbalancer.reactive.LoadBalancerCommand$1.call(LoadBalancerCommand.java:180)
	at rx.Observable.unsafeSubscribe(Observable.java:10327)
	at rx.internal.operators.OnSubscribeConcatMap.call(OnSubscribeConcatMap.java:94)
	at rx.internal.operators.OnSubscribeConcatMap.call(OnSubscribeConcatMap.java:42)
	at rx.internal.operators.OnSubscribeLift.call(OnSubscribeLift.java:48)
	at rx.internal.operators.OnSubscribeLift.call(OnSubscribeLift.java:30)
	at rx.internal.operators.OnSubscribeLift.call(OnSubscribeLift.java:48)
	at rx.internal.operators.OnSubscribeLift.call(OnSubscribeLift.java:30)
	at rx.Observable.subscribe(Observable.java:10423)
	at rx.Observable.subscribe(Observable.java:10390)
	at rx.observables.BlockingObservable.blockForSingle(BlockingObservable.java:443)
	at rx.observables.BlockingObservable.single(BlockingObservable.java:340)
	at com.netflix.client.AbstractLoadBalancerAwareClient.executeWithLoadBalancer(AbstractLoadBalancerAwareClient.java:112)
	at org.springframework.cloud.openfeign.ribbon.LoadBalancerFeignClient.execute(LoadBalancerFeignClient.java:83)
	... 55 common frames omitted
2024-03-05 13:49:37 [INFO ] restartedMain SpringApplication.java:655 com.atguigu.srb.sms.ServiceSmsApplication The following profiles are active: dev
2024-03-05 13:49:44 [INFO ] restartedMain StartupInfoLogger.java:61 com.atguigu.srb.sms.ServiceSmsApplication Started ServiceSmsApplication in 9.694 seconds (JVM running for 11.494)
2024-03-05 13:50:04 [INFO ] restartedMain SpringApplication.java:655 com.atguigu.srb.oss.ServiceOSSApplication The following profiles are active: dev
2024-03-05 13:50:06 [INFO ] http-nio-8120-exec-1 Assert.java:49 com.atguigu.common.exception.Assert fail...............
2024-03-05 13:50:06 [ERROR] http-nio-8120-exec-1 UnifiedExceptionHandler.java:57 com.atguigu.common.exception.UnifiedExceptionHandler 手机号已被注册
com.atguigu.common.exception.BusinessException: 手机号已被注册
	at com.atguigu.common.exception.Assert.isTrue(Assert.java:50)
	at com.atguigu.srb.sms.controller.api.ApiSmsController.send(ApiSmsController.java:52)
	at sun.reflect.NativeMethodAccessorImpl.invoke0(Native Method)
	at sun.reflect.NativeMethodAccessorImpl.invoke(NativeMethodAccessorImpl.java:62)
	at sun.reflect.DelegatingMethodAccessorImpl.invoke(DelegatingMethodAccessorImpl.java:43)
	at java.lang.reflect.Method.invoke(Method.java:498)
	at org.springframework.web.method.support.InvocableHandlerMethod.doInvoke(InvocableHandlerMethod.java:190)
	at org.springframework.web.method.support.InvocableHandlerMethod.invokeForRequest(InvocableHandlerMethod.java:138)
	at org.springframework.web.servlet.mvc.method.annotation.ServletInvocableHandlerMethod.invokeAndHandle(ServletInvocableHandlerMethod.java:105)
	at org.springframework.web.servlet.mvc.method.annotation.RequestMappingHandlerAdapter.invokeHandlerMethod(RequestMappingHandlerAdapter.java:878)
	at org.springframework.web.servlet.mvc.method.annotation.RequestMappingHandlerAdapter.handleInternal(RequestMappingHandlerAdapter.java:792)
	at org.springframework.web.servlet.mvc.method.AbstractHandlerMethodAdapter.handle(AbstractHandlerMethodAdapter.java:87)
	at org.springframework.web.servlet.DispatcherServlet.doDispatch(DispatcherServlet.java:1040)
	at org.springframework.web.servlet.DispatcherServlet.doService(DispatcherServlet.java:943)
	at org.springframework.web.servlet.FrameworkServlet.processRequest(FrameworkServlet.java:1006)
	at org.springframework.web.servlet.FrameworkServlet.doGet(FrameworkServlet.java:898)
	at javax.servlet.http.HttpServlet.service(HttpServlet.java:626)
	at org.springframework.web.servlet.FrameworkServlet.service(FrameworkServlet.java:883)
	at javax.servlet.http.HttpServlet.service(HttpServlet.java:733)
	at org.apache.catalina.core.ApplicationFilterChain.internalDoFilter(ApplicationFilterChain.java:231)
	at org.apache.catalina.core.ApplicationFilterChain.doFilter(ApplicationFilterChain.java:166)
	at org.apache.tomcat.websocket.server.WsFilter.doFilter(WsFilter.java:53)
	at org.apache.catalina.core.ApplicationFilterChain.internalDoFilter(ApplicationFilterChain.java:193)
	at org.apache.catalina.core.ApplicationFilterChain.doFilter(ApplicationFilterChain.java:166)
	at org.springframework.web.filter.RequestContextFilter.doFilterInternal(RequestContextFilter.java:100)
	at org.springframework.web.filter.OncePerRequestFilter.doFilter(OncePerRequestFilter.java:119)
	at org.apache.catalina.core.ApplicationFilterChain.internalDoFilter(ApplicationFilterChain.java:193)
	at org.apache.catalina.core.ApplicationFilterChain.doFilter(ApplicationFilterChain.java:166)
	at org.springframework.web.filter.FormContentFilter.doFilterInternal(FormContentFilter.java:93)
	at org.springframework.web.filter.OncePerRequestFilter.doFilter(OncePerRequestFilter.java:119)
	at org.apache.catalina.core.ApplicationFilterChain.internalDoFilter(ApplicationFilterChain.java:193)
	at org.apache.catalina.core.ApplicationFilterChain.doFilter(ApplicationFilterChain.java:166)
	at org.springframework.web.filter.CharacterEncodingFilter.doFilterInternal(CharacterEncodingFilter.java:201)
	at org.springframework.web.filter.OncePerRequestFilter.doFilter(OncePerRequestFilter.java:119)
	at org.apache.catalina.core.ApplicationFilterChain.internalDoFilter(ApplicationFilterChain.java:193)
	at org.apache.catalina.core.ApplicationFilterChain.doFilter(ApplicationFilterChain.java:166)
	at org.apache.catalina.core.StandardWrapperValve.invoke(StandardWrapperValve.java:202)
	at org.apache.catalina.core.StandardContextValve.invoke(StandardContextValve.java:97)
	at org.apache.catalina.authenticator.AuthenticatorBase.invoke(AuthenticatorBase.java:541)
	at org.apache.catalina.core.StandardHostValve.invoke(StandardHostValve.java:143)
	at org.apache.catalina.valves.ErrorReportValve.invoke(ErrorReportValve.java:92)
	at org.apache.catalina.core.StandardEngineValve.invoke(StandardEngineValve.java:78)
	at org.apache.catalina.connector.CoyoteAdapter.service(CoyoteAdapter.java:343)
	at org.apache.coyote.http11.Http11Processor.service(Http11Processor.java:374)
	at org.apache.coyote.AbstractProcessorLight.process(AbstractProcessorLight.java:65)
	at org.apache.coyote.AbstractProtocol$ConnectionHandler.process(AbstractProtocol.java:868)
	at org.apache.tomcat.util.net.NioEndpoint$SocketProcessor.doRun(NioEndpoint.java:1590)
	at org.apache.tomcat.util.net.SocketProcessorBase.run(SocketProcessorBase.java:49)
	at java.util.concurrent.ThreadPoolExecutor.runWorker(ThreadPoolExecutor.java:1149)
	at java.util.concurrent.ThreadPoolExecutor$Worker.run(ThreadPoolExecutor.java:624)
	at org.apache.tomcat.util.threads.TaskThread$WrappingRunnable.run(TaskThread.java:61)
	at java.lang.Thread.run(Thread.java:750)
2024-03-05 13:50:10 [INFO ] restartedMain StartupInfoLogger.java:61 com.atguigu.srb.oss.ServiceOSSApplication Started ServiceOSSApplication in 9.061 seconds (JVM running for 10.953)
2024-03-05 13:50:37 [INFO ] http-nio-8120-exec-5 Assert.java:49 com.atguigu.common.exception.Assert fail...............
2024-03-05 13:50:37 [ERROR] http-nio-8120-exec-5 UnifiedExceptionHandler.java:57 com.atguigu.common.exception.UnifiedExceptionHandler 手机号已被注册
com.atguigu.common.exception.BusinessException: 手机号已被注册
	at com.atguigu.common.exception.Assert.isTrue(Assert.java:50)
	at com.atguigu.srb.sms.controller.api.ApiSmsController.send(ApiSmsController.java:52)
	at sun.reflect.NativeMethodAccessorImpl.invoke0(Native Method)
	at sun.reflect.NativeMethodAccessorImpl.invoke(NativeMethodAccessorImpl.java:62)
	at sun.reflect.DelegatingMethodAccessorImpl.invoke(DelegatingMethodAccessorImpl.java:43)
	at java.lang.reflect.Method.invoke(Method.java:498)
	at org.springframework.web.method.support.InvocableHandlerMethod.doInvoke(InvocableHandlerMethod.java:190)
	at org.springframework.web.method.support.InvocableHandlerMethod.invokeForRequest(InvocableHandlerMethod.java:138)
	at org.springframework.web.servlet.mvc.method.annotation.ServletInvocableHandlerMethod.invokeAndHandle(ServletInvocableHandlerMethod.java:105)
	at org.springframework.web.servlet.mvc.method.annotation.RequestMappingHandlerAdapter.invokeHandlerMethod(RequestMappingHandlerAdapter.java:878)
	at org.springframework.web.servlet.mvc.method.annotation.RequestMappingHandlerAdapter.handleInternal(RequestMappingHandlerAdapter.java:792)
	at org.springframework.web.servlet.mvc.method.AbstractHandlerMethodAdapter.handle(AbstractHandlerMethodAdapter.java:87)
	at org.springframework.web.servlet.DispatcherServlet.doDispatch(DispatcherServlet.java:1040)
	at org.springframework.web.servlet.DispatcherServlet.doService(DispatcherServlet.java:943)
	at org.springframework.web.servlet.FrameworkServlet.processRequest(FrameworkServlet.java:1006)
	at org.springframework.web.servlet.FrameworkServlet.doGet(FrameworkServlet.java:898)
	at javax.servlet.http.HttpServlet.service(HttpServlet.java:626)
	at org.springframework.web.servlet.FrameworkServlet.service(FrameworkServlet.java:883)
	at javax.servlet.http.HttpServlet.service(HttpServlet.java:733)
	at org.apache.catalina.core.ApplicationFilterChain.internalDoFilter(ApplicationFilterChain.java:231)
	at org.apache.catalina.core.ApplicationFilterChain.doFilter(ApplicationFilterChain.java:166)
	at org.apache.tomcat.websocket.server.WsFilter.doFilter(WsFilter.java:53)
	at org.apache.catalina.core.ApplicationFilterChain.internalDoFilter(ApplicationFilterChain.java:193)
	at org.apache.catalina.core.ApplicationFilterChain.doFilter(ApplicationFilterChain.java:166)
	at org.springframework.web.filter.RequestContextFilter.doFilterInternal(RequestContextFilter.java:100)
	at org.springframework.web.filter.OncePerRequestFilter.doFilter(OncePerRequestFilter.java:119)
	at org.apache.catalina.core.ApplicationFilterChain.internalDoFilter(ApplicationFilterChain.java:193)
	at org.apache.catalina.core.ApplicationFilterChain.doFilter(ApplicationFilterChain.java:166)
	at org.springframework.web.filter.FormContentFilter.doFilterInternal(FormContentFilter.java:93)
	at org.springframework.web.filter.OncePerRequestFilter.doFilter(OncePerRequestFilter.java:119)
	at org.apache.catalina.core.ApplicationFilterChain.internalDoFilter(ApplicationFilterChain.java:193)
	at org.apache.catalina.core.ApplicationFilterChain.doFilter(ApplicationFilterChain.java:166)
	at org.springframework.web.filter.CharacterEncodingFilter.doFilterInternal(CharacterEncodingFilter.java:201)
	at org.springframework.web.filter.OncePerRequestFilter.doFilter(OncePerRequestFilter.java:119)
	at org.apache.catalina.core.ApplicationFilterChain.internalDoFilter(ApplicationFilterChain.java:193)
	at org.apache.catalina.core.ApplicationFilterChain.doFilter(ApplicationFilterChain.java:166)
	at org.apache.catalina.core.StandardWrapperValve.invoke(StandardWrapperValve.java:202)
	at org.apache.catalina.core.StandardContextValve.invoke(StandardContextValve.java:97)
	at org.apache.catalina.authenticator.AuthenticatorBase.invoke(AuthenticatorBase.java:541)
	at org.apache.catalina.core.StandardHostValve.invoke(StandardHostValve.java:143)
	at org.apache.catalina.valves.ErrorReportValve.invoke(ErrorReportValve.java:92)
	at org.apache.catalina.core.StandardEngineValve.invoke(StandardEngineValve.java:78)
	at org.apache.catalina.connector.CoyoteAdapter.service(CoyoteAdapter.java:343)
	at org.apache.coyote.http11.Http11Processor.service(Http11Processor.java:374)
	at org.apache.coyote.AbstractProcessorLight.process(AbstractProcessorLight.java:65)
	at org.apache.coyote.AbstractProtocol$ConnectionHandler.process(AbstractProtocol.java:868)
	at org.apache.tomcat.util.net.NioEndpoint$SocketProcessor.doRun(NioEndpoint.java:1590)
	at org.apache.tomcat.util.net.SocketProcessorBase.run(SocketProcessorBase.java:49)
	at java.util.concurrent.ThreadPoolExecutor.runWorker(ThreadPoolExecutor.java:1149)
	at java.util.concurrent.ThreadPoolExecutor$Worker.run(ThreadPoolExecutor.java:624)
	at org.apache.tomcat.util.threads.TaskThread$WrappingRunnable.run(TaskThread.java:61)
	at java.lang.Thread.run(Thread.java:750)
2024-03-05 13:53:56 [INFO ] restartedMain SpringApplication.java:655 com.atguigu.srb.sms.ServiceSmsApplication The following profiles are active: dev
2024-03-05 13:54:02 [INFO ] restartedMain StartupInfoLogger.java:61 com.atguigu.srb.sms.ServiceSmsApplication Started ServiceSmsApplication in 9.393 seconds (JVM running for 11.225)
2024-03-05 13:54:34 [INFO ] restartedMain SpringApplication.java:655 com.atguigu.srb.sms.ServiceSmsApplication The following profiles are active: dev
2024-03-05 13:54:41 [INFO ] restartedMain StartupInfoLogger.java:61 com.atguigu.srb.sms.ServiceSmsApplication Started ServiceSmsApplication in 9.331 seconds (JVM running for 11.142)
2024-03-05 13:55:03 [DEBUG] http-nio-8120-exec-1 Slf4jLogger.java:72 com.atguigu.srb.sms.client.CoreUserInfoClient [CoreUserInfoClient#checkMobile] ---> GET http://service-core/api/core/userInfo//checkMobile/18921639740 HTTP/1.1
2024-03-05 13:55:03 [DEBUG] http-nio-8120-exec-1 Slf4jLogger.java:72 com.atguigu.srb.sms.client.CoreUserInfoClient [CoreUserInfoClient#checkMobile] ---> END HTTP (0-byte body)
2024-03-05 13:55:04 [DEBUG] http-nio-8120-exec-1 Slf4jLogger.java:72 com.atguigu.srb.sms.client.CoreUserInfoClient [CoreUserInfoClient#checkMobile] <--- HTTP/1.1 200 (1060ms)
2024-03-05 13:55:04 [DEBUG] http-nio-8120-exec-1 Slf4jLogger.java:72 com.atguigu.srb.sms.client.CoreUserInfoClient [CoreUserInfoClient#checkMobile] connection: keep-alive
2024-03-05 13:55:04 [DEBUG] http-nio-8120-exec-1 Slf4jLogger.java:72 com.atguigu.srb.sms.client.CoreUserInfoClient [CoreUserInfoClient#checkMobile] content-type: application/json
2024-03-05 13:55:04 [DEBUG] http-nio-8120-exec-1 Slf4jLogger.java:72 com.atguigu.srb.sms.client.CoreUserInfoClient [CoreUserInfoClient#checkMobile] date: Tue, 05 Mar 2024 05:55:04 GMT
2024-03-05 13:55:04 [DEBUG] http-nio-8120-exec-1 Slf4jLogger.java:72 com.atguigu.srb.sms.client.CoreUserInfoClient [CoreUserInfoClient#checkMobile] keep-alive: timeout=60
2024-03-05 13:55:04 [DEBUG] http-nio-8120-exec-1 Slf4jLogger.java:72 com.atguigu.srb.sms.client.CoreUserInfoClient [CoreUserInfoClient#checkMobile] transfer-encoding: chunked
2024-03-05 13:55:04 [DEBUG] http-nio-8120-exec-1 Slf4jLogger.java:72 com.atguigu.srb.sms.client.CoreUserInfoClient [CoreUserInfoClient#checkMobile] vary: Access-Control-Request-Headers
2024-03-05 13:55:04 [DEBUG] http-nio-8120-exec-1 Slf4jLogger.java:72 com.atguigu.srb.sms.client.CoreUserInfoClient [CoreUserInfoClient#checkMobile] vary: Access-Control-Request-Method
2024-03-05 13:55:04 [DEBUG] http-nio-8120-exec-1 Slf4jLogger.java:72 com.atguigu.srb.sms.client.CoreUserInfoClient [CoreUserInfoClient#checkMobile] vary: Origin
2024-03-05 13:55:04 [DEBUG] http-nio-8120-exec-1 Slf4jLogger.java:72 com.atguigu.srb.sms.client.CoreUserInfoClient [CoreUserInfoClient#checkMobile] 
2024-03-05 13:55:04 [DEBUG] http-nio-8120-exec-1 Slf4jLogger.java:72 com.atguigu.srb.sms.client.CoreUserInfoClient [CoreUserInfoClient#checkMobile] true
2024-03-05 13:55:04 [DEBUG] http-nio-8120-exec-1 Slf4jLogger.java:72 com.atguigu.srb.sms.client.CoreUserInfoClient [CoreUserInfoClient#checkMobile] <--- END HTTP (4-byte body)
2024-03-05 13:55:04 [INFO ] http-nio-8120-exec-1 Assert.java:49 com.atguigu.common.exception.Assert fail...............
2024-03-05 13:55:04 [ERROR] http-nio-8120-exec-1 UnifiedExceptionHandler.java:57 com.atguigu.common.exception.UnifiedExceptionHandler 手机号已被注册
com.atguigu.common.exception.BusinessException: 手机号已被注册
	at com.atguigu.common.exception.Assert.isTrue(Assert.java:50)
	at com.atguigu.srb.sms.controller.api.ApiSmsController.send(ApiSmsController.java:52)
	at sun.reflect.NativeMethodAccessorImpl.invoke0(Native Method)
	at sun.reflect.NativeMethodAccessorImpl.invoke(NativeMethodAccessorImpl.java:62)
	at sun.reflect.DelegatingMethodAccessorImpl.invoke(DelegatingMethodAccessorImpl.java:43)
	at java.lang.reflect.Method.invoke(Method.java:498)
	at org.springframework.web.method.support.InvocableHandlerMethod.doInvoke(InvocableHandlerMethod.java:190)
	at org.springframework.web.method.support.InvocableHandlerMethod.invokeForRequest(InvocableHandlerMethod.java:138)
	at org.springframework.web.servlet.mvc.method.annotation.ServletInvocableHandlerMethod.invokeAndHandle(ServletInvocableHandlerMethod.java:105)
	at org.springframework.web.servlet.mvc.method.annotation.RequestMappingHandlerAdapter.invokeHandlerMethod(RequestMappingHandlerAdapter.java:878)
	at org.springframework.web.servlet.mvc.method.annotation.RequestMappingHandlerAdapter.handleInternal(RequestMappingHandlerAdapter.java:792)
	at org.springframework.web.servlet.mvc.method.AbstractHandlerMethodAdapter.handle(AbstractHandlerMethodAdapter.java:87)
	at org.springframework.web.servlet.DispatcherServlet.doDispatch(DispatcherServlet.java:1040)
	at org.springframework.web.servlet.DispatcherServlet.doService(DispatcherServlet.java:943)
	at org.springframework.web.servlet.FrameworkServlet.processRequest(FrameworkServlet.java:1006)
	at org.springframework.web.servlet.FrameworkServlet.doGet(FrameworkServlet.java:898)
	at javax.servlet.http.HttpServlet.service(HttpServlet.java:626)
	at org.springframework.web.servlet.FrameworkServlet.service(FrameworkServlet.java:883)
	at javax.servlet.http.HttpServlet.service(HttpServlet.java:733)
	at org.apache.catalina.core.ApplicationFilterChain.internalDoFilter(ApplicationFilterChain.java:231)
	at org.apache.catalina.core.ApplicationFilterChain.doFilter(ApplicationFilterChain.java:166)
	at org.apache.tomcat.websocket.server.WsFilter.doFilter(WsFilter.java:53)
	at org.apache.catalina.core.ApplicationFilterChain.internalDoFilter(ApplicationFilterChain.java:193)
	at org.apache.catalina.core.ApplicationFilterChain.doFilter(ApplicationFilterChain.java:166)
	at org.springframework.web.filter.RequestContextFilter.doFilterInternal(RequestContextFilter.java:100)
	at org.springframework.web.filter.OncePerRequestFilter.doFilter(OncePerRequestFilter.java:119)
	at org.apache.catalina.core.ApplicationFilterChain.internalDoFilter(ApplicationFilterChain.java:193)
	at org.apache.catalina.core.ApplicationFilterChain.doFilter(ApplicationFilterChain.java:166)
	at org.springframework.web.filter.FormContentFilter.doFilterInternal(FormContentFilter.java:93)
	at org.springframework.web.filter.OncePerRequestFilter.doFilter(OncePerRequestFilter.java:119)
	at org.apache.catalina.core.ApplicationFilterChain.internalDoFilter(ApplicationFilterChain.java:193)
	at org.apache.catalina.core.ApplicationFilterChain.doFilter(ApplicationFilterChain.java:166)
	at org.springframework.web.filter.CharacterEncodingFilter.doFilterInternal(CharacterEncodingFilter.java:201)
	at org.springframework.web.filter.OncePerRequestFilter.doFilter(OncePerRequestFilter.java:119)
	at org.apache.catalina.core.ApplicationFilterChain.internalDoFilter(ApplicationFilterChain.java:193)
	at org.apache.catalina.core.ApplicationFilterChain.doFilter(ApplicationFilterChain.java:166)
	at org.apache.catalina.core.StandardWrapperValve.invoke(StandardWrapperValve.java:202)
	at org.apache.catalina.core.StandardContextValve.invoke(StandardContextValve.java:97)
	at org.apache.catalina.authenticator.AuthenticatorBase.invoke(AuthenticatorBase.java:541)
	at org.apache.catalina.core.StandardHostValve.invoke(StandardHostValve.java:143)
	at org.apache.catalina.valves.ErrorReportValve.invoke(ErrorReportValve.java:92)
	at org.apache.catalina.core.StandardEngineValve.invoke(StandardEngineValve.java:78)
	at org.apache.catalina.connector.CoyoteAdapter.service(CoyoteAdapter.java:343)
	at org.apache.coyote.http11.Http11Processor.service(Http11Processor.java:374)
	at org.apache.coyote.AbstractProcessorLight.process(AbstractProcessorLight.java:65)
	at org.apache.coyote.AbstractProtocol$ConnectionHandler.process(AbstractProtocol.java:868)
	at org.apache.tomcat.util.net.NioEndpoint$SocketProcessor.doRun(NioEndpoint.java:1590)
	at org.apache.tomcat.util.net.SocketProcessorBase.run(SocketProcessorBase.java:49)
	at java.util.concurrent.ThreadPoolExecutor.runWorker(ThreadPoolExecutor.java:1149)
	at java.util.concurrent.ThreadPoolExecutor$Worker.run(ThreadPoolExecutor.java:624)
	at org.apache.tomcat.util.threads.TaskThread$WrappingRunnable.run(TaskThread.java:61)
	at java.lang.Thread.run(Thread.java:750)
2024-03-05 14:13:35 [INFO ] restartedMain SpringApplication.java:655 com.atguigu.srb.sms.ServiceSmsApplication The following profiles are active: dev
2024-03-05 14:13:37 [INFO ] restartedMain SpringApplication.java:655 com.atguigu.srb.oss.ServiceOSSApplication The following profiles are active: dev
2024-03-05 14:13:41 [INFO ] restartedMain StartupInfoLogger.java:61 com.atguigu.srb.oss.ServiceOSSApplication Started ServiceOSSApplication in 7.269 seconds (JVM running for 1422.519)
2024-03-05 14:13:42 [INFO ] restartedMain StartupInfoLogger.java:61 com.atguigu.srb.sms.ServiceSmsApplication Started ServiceSmsApplication in 10.325 seconds (JVM running for 12.01)
2024-03-05 14:13:51 [DEBUG] http-nio-8120-exec-1 Slf4jLogger.java:72 com.atguigu.srb.sms.client.CoreUserInfoClient [CoreUserInfoClient#checkMobile] ---> GET http://service-core/api/core/userInfo//checkMobile/18921639740 HTTP/1.1
2024-03-05 14:13:51 [DEBUG] http-nio-8120-exec-1 Slf4jLogger.java:72 com.atguigu.srb.sms.client.CoreUserInfoClient [CoreUserInfoClient#checkMobile] ---> END HTTP (0-byte body)
2024-03-05 14:13:52 [DEBUG] http-nio-8120-exec-1 Slf4jLogger.java:72 com.atguigu.srb.sms.client.CoreUserInfoClient [CoreUserInfoClient#checkMobile] <--- HTTP/1.1 200 (1122ms)
2024-03-05 14:13:52 [DEBUG] http-nio-8120-exec-1 Slf4jLogger.java:72 com.atguigu.srb.sms.client.CoreUserInfoClient [CoreUserInfoClient#checkMobile] connection: keep-alive
2024-03-05 14:13:52 [DEBUG] http-nio-8120-exec-1 Slf4jLogger.java:72 com.atguigu.srb.sms.client.CoreUserInfoClient [CoreUserInfoClient#checkMobile] content-type: application/json
2024-03-05 14:13:52 [DEBUG] http-nio-8120-exec-1 Slf4jLogger.java:72 com.atguigu.srb.sms.client.CoreUserInfoClient [CoreUserInfoClient#checkMobile] date: Tue, 05 Mar 2024 06:13:52 GMT
2024-03-05 14:13:52 [DEBUG] http-nio-8120-exec-1 Slf4jLogger.java:72 com.atguigu.srb.sms.client.CoreUserInfoClient [CoreUserInfoClient#checkMobile] keep-alive: timeout=60
2024-03-05 14:13:52 [DEBUG] http-nio-8120-exec-1 Slf4jLogger.java:72 com.atguigu.srb.sms.client.CoreUserInfoClient [CoreUserInfoClient#checkMobile] transfer-encoding: chunked
2024-03-05 14:13:52 [DEBUG] http-nio-8120-exec-1 Slf4jLogger.java:72 com.atguigu.srb.sms.client.CoreUserInfoClient [CoreUserInfoClient#checkMobile] vary: Access-Control-Request-Headers
2024-03-05 14:13:52 [DEBUG] http-nio-8120-exec-1 Slf4jLogger.java:72 com.atguigu.srb.sms.client.CoreUserInfoClient [CoreUserInfoClient#checkMobile] vary: Access-Control-Request-Method
2024-03-05 14:13:52 [DEBUG] http-nio-8120-exec-1 Slf4jLogger.java:72 com.atguigu.srb.sms.client.CoreUserInfoClient [CoreUserInfoClient#checkMobile] vary: Origin
2024-03-05 14:13:52 [DEBUG] http-nio-8120-exec-1 Slf4jLogger.java:72 com.atguigu.srb.sms.client.CoreUserInfoClient [CoreUserInfoClient#checkMobile] 
2024-03-05 14:13:52 [DEBUG] http-nio-8120-exec-1 Slf4jLogger.java:72 com.atguigu.srb.sms.client.CoreUserInfoClient [CoreUserInfoClient#checkMobile] true
2024-03-05 14:13:52 [DEBUG] http-nio-8120-exec-1 Slf4jLogger.java:72 com.atguigu.srb.sms.client.CoreUserInfoClient [CoreUserInfoClient#checkMobile] <--- END HTTP (4-byte body)
2024-03-05 14:13:52 [INFO ] http-nio-8120-exec-1 Assert.java:49 com.atguigu.common.exception.Assert fail...............
2024-03-05 14:13:52 [ERROR] http-nio-8120-exec-1 UnifiedExceptionHandler.java:57 com.atguigu.common.exception.UnifiedExceptionHandler 手机号已被注册
com.atguigu.common.exception.BusinessException: 手机号已被注册
	at com.atguigu.common.exception.Assert.isTrue(Assert.java:50)
	at com.atguigu.srb.sms.controller.api.ApiSmsController.send(ApiSmsController.java:52)
	at sun.reflect.NativeMethodAccessorImpl.invoke0(Native Method)
	at sun.reflect.NativeMethodAccessorImpl.invoke(NativeMethodAccessorImpl.java:62)
	at sun.reflect.DelegatingMethodAccessorImpl.invoke(DelegatingMethodAccessorImpl.java:43)
	at java.lang.reflect.Method.invoke(Method.java:498)
	at org.springframework.web.method.support.InvocableHandlerMethod.doInvoke(InvocableHandlerMethod.java:190)
	at org.springframework.web.method.support.InvocableHandlerMethod.invokeForRequest(InvocableHandlerMethod.java:138)
	at org.springframework.web.servlet.mvc.method.annotation.ServletInvocableHandlerMethod.invokeAndHandle(ServletInvocableHandlerMethod.java:105)
	at org.springframework.web.servlet.mvc.method.annotation.RequestMappingHandlerAdapter.invokeHandlerMethod(RequestMappingHandlerAdapter.java:878)
	at org.springframework.web.servlet.mvc.method.annotation.RequestMappingHandlerAdapter.handleInternal(RequestMappingHandlerAdapter.java:792)
	at org.springframework.web.servlet.mvc.method.AbstractHandlerMethodAdapter.handle(AbstractHandlerMethodAdapter.java:87)
	at org.springframework.web.servlet.DispatcherServlet.doDispatch(DispatcherServlet.java:1040)
	at org.springframework.web.servlet.DispatcherServlet.doService(DispatcherServlet.java:943)
	at org.springframework.web.servlet.FrameworkServlet.processRequest(FrameworkServlet.java:1006)
	at org.springframework.web.servlet.FrameworkServlet.doGet(FrameworkServlet.java:898)
	at javax.servlet.http.HttpServlet.service(HttpServlet.java:626)
	at org.springframework.web.servlet.FrameworkServlet.service(FrameworkServlet.java:883)
	at javax.servlet.http.HttpServlet.service(HttpServlet.java:733)
	at org.apache.catalina.core.ApplicationFilterChain.internalDoFilter(ApplicationFilterChain.java:231)
	at org.apache.catalina.core.ApplicationFilterChain.doFilter(ApplicationFilterChain.java:166)
	at org.apache.tomcat.websocket.server.WsFilter.doFilter(WsFilter.java:53)
	at org.apache.catalina.core.ApplicationFilterChain.internalDoFilter(ApplicationFilterChain.java:193)
	at org.apache.catalina.core.ApplicationFilterChain.doFilter(ApplicationFilterChain.java:166)
	at org.springframework.web.filter.RequestContextFilter.doFilterInternal(RequestContextFilter.java:100)
	at org.springframework.web.filter.OncePerRequestFilter.doFilter(OncePerRequestFilter.java:119)
	at org.apache.catalina.core.ApplicationFilterChain.internalDoFilter(ApplicationFilterChain.java:193)
	at org.apache.catalina.core.ApplicationFilterChain.doFilter(ApplicationFilterChain.java:166)
	at org.springframework.web.filter.FormContentFilter.doFilterInternal(FormContentFilter.java:93)
	at org.springframework.web.filter.OncePerRequestFilter.doFilter(OncePerRequestFilter.java:119)
	at org.apache.catalina.core.ApplicationFilterChain.internalDoFilter(ApplicationFilterChain.java:193)
	at org.apache.catalina.core.ApplicationFilterChain.doFilter(ApplicationFilterChain.java:166)
	at org.springframework.web.filter.CharacterEncodingFilter.doFilterInternal(CharacterEncodingFilter.java:201)
	at org.springframework.web.filter.OncePerRequestFilter.doFilter(OncePerRequestFilter.java:119)
	at org.apache.catalina.core.ApplicationFilterChain.internalDoFilter(ApplicationFilterChain.java:193)
	at org.apache.catalina.core.ApplicationFilterChain.doFilter(ApplicationFilterChain.java:166)
	at org.apache.catalina.core.StandardWrapperValve.invoke(StandardWrapperValve.java:202)
	at org.apache.catalina.core.StandardContextValve.invoke(StandardContextValve.java:97)
	at org.apache.catalina.authenticator.AuthenticatorBase.invoke(AuthenticatorBase.java:541)
	at org.apache.catalina.core.StandardHostValve.invoke(StandardHostValve.java:143)
	at org.apache.catalina.valves.ErrorReportValve.invoke(ErrorReportValve.java:92)
	at org.apache.catalina.core.StandardEngineValve.invoke(StandardEngineValve.java:78)
	at org.apache.catalina.connector.CoyoteAdapter.service(CoyoteAdapter.java:343)
	at org.apache.coyote.http11.Http11Processor.service(Http11Processor.java:374)
	at org.apache.coyote.AbstractProcessorLight.process(AbstractProcessorLight.java:65)
	at org.apache.coyote.AbstractProtocol$ConnectionHandler.process(AbstractProtocol.java:868)
	at org.apache.tomcat.util.net.NioEndpoint$SocketProcessor.doRun(NioEndpoint.java:1590)
	at org.apache.tomcat.util.net.SocketProcessorBase.run(SocketProcessorBase.java:49)
	at java.util.concurrent.ThreadPoolExecutor.runWorker(ThreadPoolExecutor.java:1149)
	at java.util.concurrent.ThreadPoolExecutor$Worker.run(ThreadPoolExecutor.java:624)
	at org.apache.tomcat.util.threads.TaskThread$WrappingRunnable.run(TaskThread.java:61)
	at java.lang.Thread.run(Thread.java:750)
2024-03-05 14:15:12 [DEBUG] http-nio-8120-exec-2 Slf4jLogger.java:72 com.atguigu.srb.sms.client.CoreUserInfoClient [CoreUserInfoClient#checkMobile] ---> GET http://service-core/api/core/userInfo//checkMobile/18921639740 HTTP/1.1
2024-03-05 14:15:12 [DEBUG] http-nio-8120-exec-2 Slf4jLogger.java:72 com.atguigu.srb.sms.client.CoreUserInfoClient [CoreUserInfoClient#checkMobile] ---> END HTTP (0-byte body)
2024-03-05 14:15:12 [INFO ] http-nio-8120-exec-2 CoreUserInfoClientFallback.java:20 com.atguigu.srb.sms.client.fallback.CoreUserInfoClientFallback 远程调用熔断
2024-03-05 15:14:17 [INFO ] restartedMain SpringApplication.java:655 com.atguigu.srb.oss.ServiceOSSApplication The following profiles are active: dev
